<?xml version="1.0" encoding="UTF-8"?>
<coverage generated="1745953018373" clover="3.2.0">
  <project timestamp="1745953018373" name="All files">
    <metrics statements="435" coveredstatements="276" conditionals="120" coveredconditionals="73" methods="43" coveredmethods="32" elements="598" coveredelements="381" complexity="0" loc="435" ncloc="435" packages="1" files="1" classes="1"/>
    <file name="Server.js" path="C:\Users\Dani\checkin-crew\Server.js">
      <metrics statements="435" coveredstatements="276" conditionals="120" coveredconditionals="73" methods="43" coveredmethods="32"/>
      <line num="1" count="1" type="stmt"/>
      <line num="2" count="1" type="stmt"/>
      <line num="3" count="1" type="stmt"/>
      <line num="4" count="1" type="stmt"/>
      <line num="5" count="1" type="stmt"/>
      <line num="6" count="1" type="stmt"/>
      <line num="7" count="1" type="stmt"/>
      <line num="8" count="1" type="stmt"/>
      <line num="9" count="1" type="stmt"/>
      <line num="10" count="1" type="stmt"/>
      <line num="11" count="1" type="stmt"/>
      <line num="14" count="1" type="stmt"/>
      <line num="25" count="1" type="stmt"/>
      <line num="29" count="0" type="stmt"/>
      <line num="30" count="0" type="stmt"/>
      <line num="31" count="0" type="stmt"/>
      <line num="32" count="0" type="stmt"/>
      <line num="34" count="0" type="stmt"/>
      <line num="35" count="0" type="stmt"/>
      <line num="39" count="1" type="stmt"/>
      <line num="42" count="1" type="stmt"/>
      <line num="43" count="0" type="stmt"/>
      <line num="47" count="1" type="stmt"/>
      <line num="48" count="2" type="stmt"/>
      <line num="49" count="2" type="stmt"/>
      <line num="50" count="2" type="stmt"/>
      <line num="58" count="2" type="stmt"/>
      <line num="60" count="0" type="stmt"/>
      <line num="61" count="0" type="stmt"/>
      <line num="64" count="1" type="stmt"/>
      <line num="65" count="1" type="stmt"/>
      <line num="67" count="1" type="stmt"/>
      <line num="68" count="1" type="stmt"/>
      <line num="69" count="1" type="stmt"/>
      <line num="75" count="1" type="stmt"/>
      <line num="77" count="0" type="stmt"/>
      <line num="78" count="0" type="stmt"/>
      <line num="82" count="1" type="stmt"/>
      <line num="83" count="1" type="stmt"/>
      <line num="84" count="11" type="stmt"/>
      <line num="85" count="0" type="stmt"/>
      <line num="89" count="1" type="stmt"/>
      <line num="90" count="0" type="stmt"/>
      <line num="91" count="0" type="stmt"/>
      <line num="92" count="0" type="cond" truecount="0" falsecount="2"/>
      <line num="93" count="0" type="stmt"/>
      <line num="95" count="0" type="stmt"/>
      <line num="99" count="1" type="stmt"/>
      <line num="100" count="2" type="stmt"/>
      <line num="101" count="2" type="stmt"/>
      <line num="103" count="2" type="cond" truecount="5" falsecount="1"/>
      <line num="104" count="0" type="stmt"/>
      <line num="107" count="2" type="stmt"/>
      <line num="109" count="2" type="stmt"/>
      <line num="110" count="2" type="cond" truecount="1" falsecount="1"/>
      <line num="111" count="0" type="stmt"/>
      <line num="113" count="2" type="stmt"/>
      <line num="116" count="2" type="stmt"/>
      <line num="117" count="2" type="cond" truecount="1" falsecount="1"/>
      <line num="118" count="0" type="stmt"/>
      <line num="120" count="2" type="stmt"/>
      <line num="123" count="2" type="stmt"/>
      <line num="128" count="2" type="stmt"/>
      <line num="130" count="0" type="stmt"/>
      <line num="131" count="0" type="stmt"/>
      <line num="136" count="1" type="stmt"/>
      <line num="137" count="1" type="stmt"/>
      <line num="138" count="1" type="stmt"/>
      <line num="149" count="1" type="stmt"/>
      <line num="151" count="0" type="stmt"/>
      <line num="152" count="0" type="stmt"/>
      <line num="156" count="1" type="stmt"/>
      <line num="157" count="1" type="stmt"/>
      <line num="159" count="1" type="stmt"/>
      <line num="174" count="1" type="stmt"/>
      <line num="176" count="0" type="stmt"/>
      <line num="177" count="0" type="stmt"/>
      <line num="181" count="1" type="stmt"/>
      <line num="182" count="1" type="stmt"/>
      <line num="183" count="1" type="stmt"/>
      <line num="184" count="1" type="stmt"/>
      <line num="185" count="1" type="cond" truecount="1" falsecount="1"/>
      <line num="186" count="1" type="stmt"/>
      <line num="188" count="0" type="stmt"/>
      <line num="189" count="0" type="stmt"/>
      <line num="195" count="1" type="stmt"/>
      <line num="196" count="1" type="stmt"/>
      <line num="197" count="1" type="stmt"/>
      <line num="198" count="1" type="stmt"/>
      <line num="200" count="1" type="cond" truecount="1" falsecount="1"/>
      <line num="201" count="0" type="stmt"/>
      <line num="204" count="1" type="stmt"/>
      <line num="217" count="1" type="stmt"/>
      <line num="219" count="0" type="stmt"/>
      <line num="220" count="0" type="stmt"/>
      <line num="224" count="1" type="stmt"/>
      <line num="225" count="2" type="stmt"/>
      <line num="227" count="2" type="stmt"/>
      <line num="228" count="2" type="stmt"/>
      <line num="229" count="2" type="stmt"/>
      <line num="233" count="2" type="stmt"/>
      <line num="235" count="2" type="cond" truecount="2" falsecount="0"/>
      <line num="236" count="1" type="stmt"/>
      <line num="238" count="1" type="stmt"/>
      <line num="241" count="0" type="stmt"/>
      <line num="242" count="0" type="stmt"/>
      <line num="247" count="1" type="stmt"/>
      <line num="248" count="2" type="stmt"/>
      <line num="249" count="2" type="stmt"/>
      <line num="252" count="2" type="cond" truecount="4" falsecount="1"/>
      <line num="253" count="0" type="stmt"/>
      <line num="256" count="2" type="stmt"/>
      <line num="258" count="2" type="stmt"/>
      <line num="259" count="2" type="stmt"/>
      <line num="262" count="2" type="stmt"/>
      <line num="271" count="2" type="cond" truecount="2" falsecount="0"/>
      <line num="272" count="1" type="stmt"/>
      <line num="273" count="1" type="stmt"/>
      <line num="277" count="1" type="stmt"/>
      <line num="282" count="1" type="cond" truecount="1" falsecount="1"/>
      <line num="283" count="1" type="stmt"/>
      <line num="284" count="1" type="stmt"/>
      <line num="286" count="0" type="stmt"/>
      <line num="287" count="0" type="stmt"/>
      <line num="290" count="0" type="stmt"/>
      <line num="291" count="0" type="stmt"/>
      <line num="292" count="0" type="stmt"/>
      <line num="294" count="2" type="stmt"/>
      <line num="299" count="1" type="stmt"/>
      <line num="300" count="0" type="stmt"/>
      <line num="302" count="0" type="cond" truecount="0" falsecount="2"/>
      <line num="303" count="0" type="stmt"/>
      <line num="306" count="0" type="stmt"/>
      <line num="307" count="0" type="stmt"/>
      <line num="319" count="0" type="cond" truecount="0" falsecount="2"/>
      <line num="320" count="0" type="stmt"/>
      <line num="323" count="0" type="stmt"/>
      <line num="325" count="0" type="stmt"/>
      <line num="326" count="0" type="stmt"/>
      <line num="332" count="1" type="stmt"/>
      <line num="333" count="2" type="stmt"/>
      <line num="334" count="2" type="stmt"/>
      <line num="335" count="2" type="stmt"/>
      <line num="339" count="2" type="cond" truecount="1" falsecount="1"/>
      <line num="340" count="0" type="stmt"/>
      <line num="342" count="2" type="stmt"/>
      <line num="344" count="0" type="stmt"/>
      <line num="345" count="0" type="stmt"/>
      <line num="350" count="1" type="stmt"/>
      <line num="351" count="1" type="stmt"/>
      <line num="352" count="1" type="stmt"/>
      <line num="353" count="1" type="stmt"/>
      <line num="357" count="1" type="cond" truecount="1" falsecount="1"/>
      <line num="358" count="0" type="stmt"/>
      <line num="360" count="1" type="stmt"/>
      <line num="362" count="0" type="stmt"/>
      <line num="363" count="0" type="stmt"/>
      <line num="368" count="1" type="stmt"/>
      <line num="369" count="1" type="stmt"/>
      <line num="370" count="1" type="stmt"/>
      <line num="371" count="1" type="stmt"/>
      <line num="375" count="1" type="cond" truecount="1" falsecount="1"/>
      <line num="376" count="0" type="stmt"/>
      <line num="378" count="1" type="stmt"/>
      <line num="380" count="0" type="stmt"/>
      <line num="381" count="0" type="stmt"/>
      <line num="386" count="1" type="stmt"/>
      <line num="387" count="2" type="stmt"/>
      <line num="388" count="2" type="stmt"/>
      <line num="389" count="2" type="stmt"/>
      <line num="393" count="2" type="cond" truecount="1" falsecount="1"/>
      <line num="394" count="0" type="stmt"/>
      <line num="396" count="2" type="stmt"/>
      <line num="398" count="2" type="stmt"/>
      <line num="402" count="2" type="stmt"/>
      <line num="404" count="0" type="stmt"/>
      <line num="405" count="0" type="stmt"/>
      <line num="410" count="1" type="stmt"/>
      <line num="411" count="2" type="stmt"/>
      <line num="412" count="2" type="stmt"/>
      <line num="413" count="2" type="stmt"/>
      <line num="417" count="2" type="cond" truecount="1" falsecount="1"/>
      <line num="418" count="0" type="stmt"/>
      <line num="420" count="2" type="stmt"/>
      <line num="422" count="0" type="stmt"/>
      <line num="423" count="0" type="stmt"/>
      <line num="428" count="1" type="stmt"/>
      <line num="429" count="0" type="stmt"/>
      <line num="430" count="0" type="stmt"/>
      <line num="431" count="0" type="stmt"/>
      <line num="441" count="0" type="stmt"/>
      <line num="443" count="0" type="stmt"/>
      <line num="444" count="0" type="stmt"/>
      <line num="449" count="1" type="stmt"/>
      <line num="450" count="2" type="stmt"/>
      <line num="451" count="2" type="stmt"/>
      <line num="452" count="2" type="stmt"/>
      <line num="453" count="2" type="cond" truecount="1" falsecount="1"/>
      <line num="454" count="0" type="stmt"/>
      <line num="456" count="2" type="stmt"/>
      <line num="457" count="2" type="stmt"/>
      <line num="460" count="2" type="cond" truecount="1" falsecount="1"/>
      <line num="461" count="2" type="stmt"/>
      <line num="464" count="0" type="stmt"/>
      <line num="467" count="2" type="cond" truecount="1" falsecount="1"/>
      <line num="468" count="0" type="stmt"/>
      <line num="470" count="2" type="stmt"/>
      <line num="471" count="2" type="stmt"/>
      <line num="473" count="2" type="cond" truecount="1" falsecount="1"/>
      <line num="474" count="0" type="stmt"/>
      <line num="476" count="2" type="cond" truecount="1" falsecount="1"/>
      <line num="477" count="0" type="stmt"/>
      <line num="480" count="2" type="stmt"/>
      <line num="482" count="2" type="stmt"/>
      <line num="484" count="0" type="stmt"/>
      <line num="485" count="0" type="stmt"/>
      <line num="490" count="1" type="stmt"/>
      <line num="491" count="2" type="stmt"/>
      <line num="492" count="2" type="stmt"/>
      <line num="493" count="2" type="stmt"/>
      <line num="494" count="2" type="cond" truecount="4" falsecount="1"/>
      <line num="495" count="0" type="stmt"/>
      <line num="497" count="2" type="stmt"/>
      <line num="501" count="2" type="stmt"/>
      <line num="503" count="0" type="stmt"/>
      <line num="504" count="0" type="cond" truecount="0" falsecount="2"/>
      <line num="505" count="0" type="stmt"/>
      <line num="509" count="1" type="stmt"/>
      <line num="510" count="0" type="stmt"/>
      <line num="512" count="0" type="cond" truecount="0" falsecount="2"/>
      <line num="513" count="0" type="stmt"/>
      <line num="516" count="0" type="stmt"/>
      <line num="517" count="0" type="stmt"/>
      <line num="521" count="0" type="stmt"/>
      <line num="523" count="0" type="stmt"/>
      <line num="524" count="0" type="stmt"/>
      <line num="529" count="1" type="stmt"/>
      <line num="530" count="4" type="stmt"/>
      <line num="532" count="4" type="cond" truecount="8" falsecount="1"/>
      <line num="533" count="0" type="stmt"/>
      <line num="536" count="4" type="stmt"/>
      <line num="537" count="4" type="stmt"/>
      <line num="538" count="4" type="stmt"/>
      <line num="539" count="4" type="stmt"/>
      <line num="541" count="4" type="cond" truecount="1" falsecount="1"/>
      <line num="542" count="0" type="stmt"/>
      <line num="544" count="4" type="stmt"/>
      <line num="546" count="4" type="stmt"/>
      <line num="550" count="4" type="cond" truecount="2" falsecount="0"/>
      <line num="551" count="2" type="stmt"/>
      <line num="552" count="2" type="stmt"/>
      <line num="554" count="2" type="stmt"/>
      <line num="555" count="2" type="stmt"/>
      <line num="563" count="2" type="cond" truecount="1" falsecount="1"/>
      <line num="564" count="0" type="stmt"/>
      <line num="565" count="0" type="stmt"/>
      <line num="567" count="2" type="stmt"/>
      <line num="568" count="2" type="stmt"/>
      <line num="569" count="2" type="stmt"/>
      <line num="570" count="2" type="stmt"/>
      <line num="571" count="2" type="stmt"/>
      <line num="576" count="2" type="stmt"/>
      <line num="580" count="2" type="stmt"/>
      <line num="581" count="2" type="stmt"/>
      <line num="583" count="0" type="stmt"/>
      <line num="584" count="0" type="stmt"/>
      <line num="585" count="0" type="stmt"/>
      <line num="587" count="4" type="stmt"/>
      <line num="591" count="1" type="stmt"/>
      <line num="592" count="0" type="stmt"/>
      <line num="593" count="0" type="stmt"/>
      <line num="594" count="0" type="stmt"/>
      <line num="596" count="0" type="stmt"/>
      <line num="597" count="0" type="stmt"/>
      <line num="601" count="1" type="stmt"/>
      <line num="602" count="1" type="stmt"/>
      <line num="603" count="1" type="stmt"/>
      <line num="615" count="1" type="stmt"/>
      <line num="616" count="1" type="stmt"/>
      <line num="618" count="0" type="stmt"/>
      <line num="619" count="0" type="stmt"/>
      <line num="623" count="1" type="stmt"/>
      <line num="624" count="4" type="stmt"/>
      <line num="625" count="4" type="stmt"/>
      <line num="626" count="4" type="cond" truecount="4" falsecount="0"/>
      <line num="627" count="2" type="stmt"/>
      <line num="629" count="2" type="stmt"/>
      <line num="630" count="2" type="stmt"/>
      <line num="631" count="2" type="cond" truecount="1" falsecount="1"/>
      <line num="632" count="0" type="stmt"/>
      <line num="634" count="2" type="stmt"/>
      <line num="636" count="0" type="stmt"/>
      <line num="637" count="0" type="stmt"/>
      <line num="642" count="1" type="stmt"/>
      <line num="643" count="2" type="stmt"/>
      <line num="644" count="2" type="stmt"/>
      <line num="645" count="2" type="stmt"/>
      <line num="646" count="2" type="stmt"/>
      <line num="648" count="0" type="stmt"/>
      <line num="649" count="0" type="stmt"/>
      <line num="654" count="1" type="stmt"/>
      <line num="655" count="2" type="stmt"/>
      <line num="656" count="2" type="stmt"/>
      <line num="657" count="2" type="stmt"/>
      <line num="658" count="2" type="stmt"/>
      <line num="662" count="2" type="cond" truecount="1" falsecount="1"/>
      <line num="663" count="0" type="stmt"/>
      <line num="665" count="2" type="stmt"/>
      <line num="667" count="0" type="stmt"/>
      <line num="668" count="0" type="stmt"/>
      <line num="673" count="1" type="stmt"/>
      <line num="674" count="0" type="stmt"/>
      <line num="675" count="0" type="stmt"/>
      <line num="677" count="0" type="stmt"/>
      <line num="678" count="0" type="stmt"/>
      <line num="679" count="0" type="cond" truecount="0" falsecount="2"/>
      <line num="680" count="0" type="stmt"/>
      <line num="682" count="0" type="stmt"/>
      <line num="684" count="0" type="stmt"/>
      <line num="685" count="0" type="stmt"/>
      <line num="690" count="1" type="stmt"/>
      <line num="691" count="2" type="stmt"/>
      <line num="692" count="2" type="stmt"/>
      <line num="704" count="2" type="stmt"/>
      <line num="705" count="2" type="stmt"/>
      <line num="707" count="0" type="stmt"/>
      <line num="708" count="0" type="stmt"/>
      <line num="713" count="1" type="stmt"/>
      <line num="714" count="2" type="stmt"/>
      <line num="715" count="2" type="stmt"/>
      <line num="716" count="2" type="stmt"/>
      <line num="718" count="2" type="stmt"/>
      <line num="722" count="2" type="stmt"/>
      <line num="725" count="2" type="stmt"/>
      <line num="729" count="2" type="stmt"/>
      <line num="731" count="0" type="stmt"/>
      <line num="732" count="0" type="stmt"/>
      <line num="737" count="1" type="stmt"/>
      <line num="738" count="1" type="stmt"/>
      <line num="739" count="1" type="stmt"/>
      <line num="740" count="1" type="stmt"/>
      <line num="742" count="1" type="stmt"/>
      <line num="746" count="1" type="cond" truecount="1" falsecount="1"/>
      <line num="747" count="0" type="stmt"/>
      <line num="751" count="1" type="stmt"/>
      <line num="755" count="1" type="cond" truecount="1" falsecount="1"/>
      <line num="756" count="0" type="stmt"/>
      <line num="758" count="1" type="stmt"/>
      <line num="760" count="0" type="stmt"/>
      <line num="761" count="0" type="stmt"/>
      <line num="766" count="1" type="stmt"/>
      <line num="767" count="1" type="stmt"/>
      <line num="768" count="1" type="stmt"/>
      <line num="770" count="1" type="stmt"/>
      <line num="771" count="1" type="cond" truecount="1" falsecount="1"/>
      <line num="772" count="0" type="stmt"/>
      <line num="774" count="1" type="stmt"/>
      <line num="777" count="1" type="stmt"/>
      <line num="778" count="1" type="cond" truecount="1" falsecount="1"/>
      <line num="779" count="0" type="stmt"/>
      <line num="783" count="1" type="stmt"/>
      <line num="784" count="1" type="stmt"/>
      <line num="786" count="0" type="stmt"/>
      <line num="787" count="0" type="stmt"/>
      <line num="792" count="1" type="stmt"/>
      <line num="793" count="0" type="stmt"/>
      <line num="794" count="0" type="stmt"/>
      <line num="795" count="0" type="stmt"/>
      <line num="797" count="0" type="stmt"/>
      <line num="798" count="0" type="stmt"/>
      <line num="803" count="1" type="stmt"/>
      <line num="804" count="2" type="stmt"/>
      <line num="805" count="2" type="stmt"/>
      <line num="806" count="2" type="stmt"/>
      <line num="807" count="2" type="cond" truecount="1" falsecount="1"/>
      <line num="808" count="0" type="stmt"/>
      <line num="810" count="2" type="stmt"/>
      <line num="812" count="0" type="stmt"/>
      <line num="813" count="0" type="stmt"/>
      <line num="818" count="1" type="stmt"/>
      <line num="819" count="2" type="stmt"/>
      <line num="820" count="2" type="cond" truecount="5" falsecount="1"/>
      <line num="821" count="0" type="stmt"/>
      <line num="823" count="2" type="stmt"/>
      <line num="824" count="2" type="stmt"/>
      <line num="825" count="2" type="cond" truecount="1" falsecount="1"/>
      <line num="826" count="0" type="stmt"/>
      <line num="828" count="2" type="stmt"/>
      <line num="832" count="2" type="stmt"/>
      <line num="834" count="0" type="stmt"/>
      <line num="835" count="0" type="stmt"/>
      <line num="840" count="1" type="stmt"/>
      <line num="841" count="2" type="stmt"/>
      <line num="842" count="2" type="stmt"/>
      <line num="843" count="2" type="cond" truecount="4" falsecount="1"/>
      <line num="844" count="0" type="stmt"/>
      <line num="846" count="2" type="stmt"/>
      <line num="847" count="2" type="stmt"/>
      <line num="851" count="2" type="cond" truecount="1" falsecount="1"/>
      <line num="852" count="0" type="stmt"/>
      <line num="854" count="2" type="stmt"/>
      <line num="856" count="0" type="stmt"/>
      <line num="857" count="0" type="stmt"/>
      <line num="862" count="1" type="stmt"/>
      <line num="863" count="1" type="stmt"/>
      <line num="864" count="1" type="stmt"/>
      <line num="865" count="1" type="stmt"/>
      <line num="866" count="1" type="cond" truecount="1" falsecount="1"/>
      <line num="867" count="0" type="stmt"/>
      <line num="869" count="1" type="stmt"/>
      <line num="871" count="0" type="stmt"/>
      <line num="872" count="0" type="stmt"/>
      <line num="876" count="1" type="stmt"/>
      <line num="877" count="1" type="stmt"/>
      <line num="878" count="1" type="stmt"/>
      <line num="893" count="1" type="stmt"/>
      <line num="894" count="1" type="cond" truecount="1" falsecount="1"/>
      <line num="895" count="0" type="stmt"/>
      <line num="896" count="0" type="stmt"/>
      <line num="898" count="1" type="stmt"/>
      <line num="900" count="0" type="stmt"/>
      <line num="901" count="0" type="stmt"/>
      <line num="905" count="1" type="stmt"/>
      <line num="906" count="2" type="stmt"/>
      <line num="908" count="2" type="cond" truecount="5" falsecount="1"/>
      <line num="909" count="0" type="stmt"/>
      <line num="911" count="2" type="stmt"/>
      <line num="912" count="2" type="stmt"/>
      <line num="913" count="2" type="stmt"/>
      <line num="920" count="2" type="stmt"/>
      <line num="922" count="0" type="stmt"/>
      <line num="923" count="0" type="stmt"/>
      <line num="928" count="1" type="stmt"/>
      <line num="929" count="0" type="stmt"/>
      <line num="933" count="1" type="stmt"/>
    </file>
  </project>
</coverage>
