{"C:\\Users\\Dani\\checkin-crew\\Server.js": {"path":"C:\\Users\\Dani\\checkin-crew\\Server.js","statementMap":{"0":{"start":{"line":1,"column":16},"end":{"line":1,"column":34}},"1":{"start":{"line":2,"column":19},"end":{"line":2,"column":41}},"2":{"start":{"line":3,"column":13},"end":{"line":3,"column":28}},"3":{"start":{"line":4,"column":13},"end":{"line":4,"column":28}},"4":{"start":{"line":6,"column":12},"end":{"line":6,"column":21}},"5":{"start":{"line":9,"column":0},"end":{"line":9,"column":16}},"6":{"start":{"line":10,"column":0},"end":{"line":10,"column":27}},"7":{"start":{"line":11,"column":0},"end":{"line":11,"column":55}},"8":{"start":{"line":24,"column":0},"end":{"line":24,"column":48}},"9":{"start":{"line":25,"column":0},"end":{"line":25,"column":51}},"10":{"start":{"line":26,"column":0},"end":{"line":26,"column":48}},"11":{"start":{"line":27,"column":0},"end":{"line":27,"column":49}},"12":{"start":{"line":28,"column":0},"end":{"line":28,"column":52}},"13":{"start":{"line":29,"column":0},"end":{"line":29,"column":45}},"14":{"start":{"line":30,"column":0},"end":{"line":30,"column":47}},"15":{"start":{"line":34,"column":0},"end":{"line":34,"column":21}}},"fnMap":{},"branchMap":{},"s":{"0":1,"1":1,"2":1,"3":1,"4":1,"5":1,"6":1,"7":1,"8":1,"9":1,"10":1,"11":1,"12":1,"13":1,"14":1,"15":1},"f":{},"b":{},"_coverageSchema":"1a1c01bbd47fc00a2c39e90264f33305004495a9","hash":"9fc4e9d29e11039a3241374818a4dda410bab4ef"}
,"C:\\Users\\Dani\\checkin-crew\\db\\dbConfig.js": {"path":"C:\\Users\\Dani\\checkin-crew\\db\\dbConfig.js","statementMap":{"0":{"start":{"line":1,"column":0},"end":{"line":9,"column":4}}},"fnMap":{},"branchMap":{},"s":{"0":1},"f":{},"b":{},"_coverageSchema":"1a1c01bbd47fc00a2c39e90264f33305004495a9","hash":"17a448eedf6488361134db73b1ceab94b7b401dc"}
,"C:\\Users\\Dani\\checkin-crew\\db\\pool.js": {"path":"C:\\Users\\Dani\\checkin-crew\\db\\pool.js","statementMap":{"0":{"start":{"line":1,"column":14},"end":{"line":1,"column":39}},"1":{"start":{"line":3,"column":13},"end":{"line":11,"column":2}},"2":{"start":{"line":13,"column":0},"end":{"line":13,"column":22}}},"fnMap":{},"branchMap":{},"s":{"0":1,"1":1,"2":1},"f":{},"b":{},"_coverageSchema":"1a1c01bbd47fc00a2c39e90264f33305004495a9","hash":"5df762ffdb97eb4e0242798f29decfb4260e5392"}
,"C:\\Users\\Dani\\checkin-crew\\routes\\authRoutes.js": {"path":"C:\\Users\\Dani\\checkin-crew\\routes\\authRoutes.js","statementMap":{"0":{"start":{"line":1,"column":16},"end":{"line":1,"column":34}},"1":{"start":{"line":2,"column":15},"end":{"line":2,"column":34}},"2":{"start":{"line":3,"column":12},"end":{"line":3,"column":28}},"3":{"start":{"line":4,"column":13},"end":{"line":4,"column":34}},"4":{"start":{"line":11,"column":0},"end":{"line":28,"column":3}},"5":{"start":{"line":12,"column":2},"end":{"line":27,"column":3}},"6":{"start":{"line":13,"column":42},"end":{"line":13,"column":50}},"7":{"start":{"line":14,"column":27},"end":{"line":14,"column":58}},"8":{"start":{"line":15,"column":4},"end":{"line":17,"column":5}},"9":{"start":{"line":16,"column":6},"end":{"line":16,"column":90}},"10":{"start":{"line":18,"column":4},"end":{"line":21,"column":6}},"11":{"start":{"line":22,"column":4},"end":{"line":22,"column":65}},"12":{"start":{"line":24,"column":4},"end":{"line":24,"column":46}},"13":{"start":{"line":25,"column":20},"end":{"line":25,"column":96}},"14":{"start":{"line":26,"column":4},"end":{"line":26,"column":54}},"15":{"start":{"line":31,"column":0},"end":{"line":69,"column":3}},"16":{"start":{"line":32,"column":2},"end":{"line":68,"column":3}},"17":{"start":{"line":33,"column":32},"end":{"line":33,"column":40}},"18":{"start":{"line":34,"column":19},"end":{"line":34,"column":85}},"19":{"start":{"line":35,"column":4},"end":{"line":37,"column":5}},"20":{"start":{"line":36,"column":6},"end":{"line":36,"column":69}},"21":{"start":{"line":38,"column":17},"end":{"line":38,"column":24}},"22":{"start":{"line":39,"column":24},"end":{"line":39,"column":29}},"23":{"start":{"line":42,"column":4},"end":{"line":47,"column":5}},"24":{"start":{"line":43,"column":6},"end":{"line":43,"column":73}},"25":{"start":{"line":46,"column":6},"end":{"line":46,"column":54}},"26":{"start":{"line":49,"column":4},"end":{"line":51,"column":5}},"27":{"start":{"line":50,"column":6},"end":{"line":50,"column":71}},"28":{"start":{"line":52,"column":18},"end":{"line":52,"column":85}},"29":{"start":{"line":53,"column":4},"end":{"line":53,"column":23}},"30":{"start":{"line":55,"column":4},"end":{"line":63,"column":5}},"31":{"start":{"line":56,"column":6},"end":{"line":56,"column":45}},"32":{"start":{"line":58,"column":9},"end":{"line":63,"column":5}},"33":{"start":{"line":59,"column":6},"end":{"line":59,"column":45}},"34":{"start":{"line":62,"column":6},"end":{"line":62,"column":35}},"35":{"start":{"line":64,"column":4},"end":{"line":64,"column":71}},"36":{"start":{"line":66,"column":4},"end":{"line":66,"column":39}},"37":{"start":{"line":67,"column":4},"end":{"line":67,"column":70}},"38":{"start":{"line":70,"column":0},"end":{"line":70,"column":21}}},"fnMap":{"0":{"name":"(anonymous_0)","decl":{"start":{"line":11,"column":22},"end":{"line":11,"column":23}},"loc":{"start":{"line":11,"column":42},"end":{"line":28,"column":1}},"line":11},"1":{"name":"(anonymous_1)","decl":{"start":{"line":31,"column":19},"end":{"line":31,"column":20}},"loc":{"start":{"line":31,"column":39},"end":{"line":69,"column":1}},"line":31}},"branchMap":{"0":{"loc":{"start":{"line":15,"column":4},"end":{"line":17,"column":5}},"type":"if","locations":[{"start":{"line":15,"column":4},"end":{"line":17,"column":5}},{"start":{},"end":{}}],"line":15},"1":{"loc":{"start":{"line":15,"column":8},"end":{"line":15,"column":40}},"type":"binary-expr","locations":[{"start":{"line":15,"column":8},"end":{"line":15,"column":17}},{"start":{"line":15,"column":21},"end":{"line":15,"column":27}},{"start":{"line":15,"column":31},"end":{"line":15,"column":40}}],"line":15},"2":{"loc":{"start":{"line":25,"column":20},"end":{"line":25,"column":96}},"type":"cond-expr","locations":[{"start":{"line":25,"column":50},"end":{"line":25,"column":72}},{"start":{"line":25,"column":75},"end":{"line":25,"column":96}}],"line":25},"3":{"loc":{"start":{"line":35,"column":4},"end":{"line":37,"column":5}},"type":"if","locations":[{"start":{"line":35,"column":4},"end":{"line":37,"column":5}},{"start":{},"end":{}}],"line":35},"4":{"loc":{"start":{"line":42,"column":4},"end":{"line":47,"column":5}},"type":"if","locations":[{"start":{"line":42,"column":4},"end":{"line":47,"column":5}},{"start":{"line":44,"column":11},"end":{"line":47,"column":5}}],"line":42},"5":{"loc":{"start":{"line":49,"column":4},"end":{"line":51,"column":5}},"type":"if","locations":[{"start":{"line":49,"column":4},"end":{"line":51,"column":5}},{"start":{},"end":{}}],"line":49},"6":{"loc":{"start":{"line":55,"column":4},"end":{"line":63,"column":5}},"type":"if","locations":[{"start":{"line":55,"column":4},"end":{"line":63,"column":5}},{"start":{"line":58,"column":9},"end":{"line":63,"column":5}}],"line":55},"7":{"loc":{"start":{"line":58,"column":9},"end":{"line":63,"column":5}},"type":"if","locations":[{"start":{"line":58,"column":9},"end":{"line":63,"column":5}},{"start":{"line":61,"column":8},"end":{"line":63,"column":5}}],"line":58}},"s":{"0":1,"1":1,"2":1,"3":1,"4":1,"5":2,"6":2,"7":2,"8":2,"9":0,"10":2,"11":2,"12":0,"13":0,"14":0,"15":1,"16":2,"17":2,"18":2,"19":2,"20":0,"21":2,"22":2,"23":2,"24":2,"25":0,"26":2,"27":0,"28":2,"29":2,"30":2,"31":0,"32":2,"33":0,"34":2,"35":2,"36":0,"37":0,"38":1},"f":{"0":2,"1":2},"b":{"0":[0,2],"1":[2,2,2],"2":[0,0],"3":[0,2],"4":[2,0],"5":[0,2],"6":[0,2],"7":[0,2]},"_coverageSchema":"1a1c01bbd47fc00a2c39e90264f33305004495a9","hash":"45026a0facae0c6c7ae5ab5bd5299daf602ced31"}
,"C:\\Users\\Dani\\checkin-crew\\routes\\bookingRoutes.js": {"path":"C:\\Users\\Dani\\checkin-crew\\routes\\bookingRoutes.js","statementMap":{"0":{"start":{"line":1,"column":16},"end":{"line":1,"column":34}},"1":{"start":{"line":2,"column":12},"end":{"line":2,"column":28}},"2":{"start":{"line":3,"column":13},"end":{"line":3,"column":34}},"3":{"start":{"line":4,"column":14},"end":{"line":4,"column":39}},"4":{"start":{"line":5,"column":17},"end":{"line":5,"column":42}},"5":{"start":{"line":9,"column":0},"end":{"line":69,"column":5}},"6":{"start":{"line":10,"column":75},"end":{"line":10,"column":83}},"7":{"start":{"line":12,"column":4},"end":{"line":14,"column":5}},"8":{"start":{"line":13,"column":6},"end":{"line":13,"column":90}},"9":{"start":{"line":16,"column":23},"end":{"line":16,"column":49}},"10":{"start":{"line":17,"column":4},"end":{"line":68,"column":5}},"11":{"start":{"line":18,"column":6},"end":{"line":18,"column":42}},"12":{"start":{"line":19,"column":25},"end":{"line":19,"column":98}},"13":{"start":{"line":21,"column":6},"end":{"line":25,"column":7}},"14":{"start":{"line":22,"column":8},"end":{"line":22,"column":92}},"15":{"start":{"line":24,"column":8},"end":{"line":24,"column":34}},"16":{"start":{"line":26,"column":27},"end":{"line":29,"column":7}},"17":{"start":{"line":30,"column":6},"end":{"line":33,"column":7}},"18":{"start":{"line":31,"column":8},"end":{"line":31,"column":36}},"19":{"start":{"line":32,"column":8},"end":{"line":32,"column":88}},"20":{"start":{"line":34,"column":47},"end":{"line":34,"column":60}},"21":{"start":{"line":35,"column":33},"end":{"line":42,"column":7}},"22":{"start":{"line":43,"column":6},"end":{"line":46,"column":7}},"23":{"start":{"line":44,"column":8},"end":{"line":44,"column":36}},"24":{"start":{"line":45,"column":8},"end":{"line":45,"column":108}},"25":{"start":{"line":47,"column":26},"end":{"line":47,"column":43}},"26":{"start":{"line":48,"column":27},"end":{"line":48,"column":45}},"27":{"start":{"line":49,"column":27},"end":{"line":49,"column":90}},"28":{"start":{"line":50,"column":26},"end":{"line":50,"column":50}},"29":{"start":{"line":51,"column":6},"end":{"line":55,"column":8}},"30":{"start":{"line":56,"column":6},"end":{"line":59,"column":8}},"31":{"start":{"line":60,"column":6},"end":{"line":60,"column":32}},"32":{"start":{"line":61,"column":6},"end":{"line":61,"column":79}},"33":{"start":{"line":63,"column":6},"end":{"line":63,"column":34}},"34":{"start":{"line":64,"column":6},"end":{"line":64,"column":43}},"35":{"start":{"line":65,"column":6},"end":{"line":65,"column":75}},"36":{"start":{"line":67,"column":6},"end":{"line":67,"column":27}},"37":{"start":{"line":72,"column":0},"end":{"line":106,"column":5}},"38":{"start":{"line":73,"column":22},"end":{"line":73,"column":35}},"39":{"start":{"line":74,"column":61},"end":{"line":74,"column":69}},"40":{"start":{"line":76,"column":4},"end":{"line":78,"column":5}},"41":{"start":{"line":77,"column":8},"end":{"line":77,"column":92}},"42":{"start":{"line":80,"column":4},"end":{"line":105,"column":5}},"43":{"start":{"line":82,"column":23},"end":{"line":82,"column":100}},"44":{"start":{"line":83,"column":8},"end":{"line":85,"column":9}},"45":{"start":{"line":84,"column":12},"end":{"line":84,"column":87}},"46":{"start":{"line":86,"column":26},"end":{"line":86,"column":39}},"47":{"start":{"line":89,"column":21},"end":{"line":89,"column":98}},"48":{"start":{"line":90,"column":8},"end":{"line":92,"column":9}},"49":{"start":{"line":91,"column":12},"end":{"line":91,"column":86}},"50":{"start":{"line":93,"column":28},"end":{"line":93,"column":44}},"51":{"start":{"line":96,"column":8},"end":{"line":99,"column":10}},"52":{"start":{"line":101,"column":8},"end":{"line":101,"column":91}},"53":{"start":{"line":103,"column":8},"end":{"line":103,"column":27}},"54":{"start":{"line":104,"column":8},"end":{"line":104,"column":86}},"55":{"start":{"line":109,"column":0},"end":{"line":136,"column":5}},"56":{"start":{"line":110,"column":4},"end":{"line":135,"column":5}},"57":{"start":{"line":111,"column":27},"end":{"line":111,"column":35}},"58":{"start":{"line":112,"column":8},"end":{"line":112,"column":40}},"59":{"start":{"line":114,"column":8},"end":{"line":116,"column":9}},"60":{"start":{"line":115,"column":12},"end":{"line":115,"column":92}},"61":{"start":{"line":118,"column":23},"end":{"line":129,"column":20}},"62":{"start":{"line":131,"column":8},"end":{"line":131,"column":23}},"63":{"start":{"line":133,"column":8},"end":{"line":133,"column":55}},"64":{"start":{"line":134,"column":8},"end":{"line":134,"column":86}},"65":{"start":{"line":139,"column":2},"end":{"line":159,"column":5}},"66":{"start":{"line":140,"column":21},"end":{"line":140,"column":31}},"67":{"start":{"line":142,"column":6},"end":{"line":158,"column":7}},"68":{"start":{"line":143,"column":29},"end":{"line":143,"column":67}},"69":{"start":{"line":144,"column":25},"end":{"line":147,"column":11}},"70":{"start":{"line":148,"column":10},"end":{"line":148,"column":27}},"71":{"start":{"line":150,"column":10},"end":{"line":154,"column":11}},"72":{"start":{"line":151,"column":14},"end":{"line":151,"column":32}},"73":{"start":{"line":153,"column":14},"end":{"line":153,"column":69}},"74":{"start":{"line":156,"column":10},"end":{"line":156,"column":31}},"75":{"start":{"line":157,"column":10},"end":{"line":157,"column":69}},"76":{"start":{"line":162,"column":2},"end":{"line":211,"column":5}},"77":{"start":{"line":163,"column":19},"end":{"line":163,"column":29}},"78":{"start":{"line":164,"column":45},"end":{"line":164,"column":53}},"79":{"start":{"line":167,"column":4},"end":{"line":169,"column":5}},"80":{"start":{"line":168,"column":8},"end":{"line":168,"column":76}},"81":{"start":{"line":171,"column":23},"end":{"line":171,"column":61}},"82":{"start":{"line":173,"column":4},"end":{"line":210,"column":5}},"83":{"start":{"line":174,"column":8},"end":{"line":174,"column":44}},"84":{"start":{"line":177,"column":35},"end":{"line":184,"column":9}},"85":{"start":{"line":186,"column":8},"end":{"line":189,"column":9}},"86":{"start":{"line":187,"column":12},"end":{"line":187,"column":40}},"87":{"start":{"line":188,"column":12},"end":{"line":188,"column":96}},"88":{"start":{"line":192,"column":25},"end":{"line":195,"column":9}},"89":{"start":{"line":197,"column":8},"end":{"line":203,"column":9}},"90":{"start":{"line":198,"column":12},"end":{"line":198,"column":38}},"91":{"start":{"line":199,"column":12},"end":{"line":199,"column":66}},"92":{"start":{"line":201,"column":12},"end":{"line":201,"column":40}},"93":{"start":{"line":202,"column":12},"end":{"line":202,"column":67}},"94":{"start":{"line":205,"column":8},"end":{"line":205,"column":36}},"95":{"start":{"line":206,"column":8},"end":{"line":206,"column":56}},"96":{"start":{"line":207,"column":8},"end":{"line":207,"column":67}},"97":{"start":{"line":209,"column":8},"end":{"line":209,"column":25}},"98":{"start":{"line":214,"column":2},"end":{"line":243,"column":5}},"99":{"start":{"line":215,"column":19},"end":{"line":215,"column":35}},"100":{"start":{"line":217,"column":4},"end":{"line":219,"column":5}},"101":{"start":{"line":218,"column":6},"end":{"line":218,"column":86}},"102":{"start":{"line":221,"column":4},"end":{"line":242,"column":5}},"103":{"start":{"line":222,"column":21},"end":{"line":232,"column":18}},"104":{"start":{"line":234,"column":6},"end":{"line":236,"column":7}},"105":{"start":{"line":235,"column":8},"end":{"line":235,"column":86}},"106":{"start":{"line":238,"column":6},"end":{"line":238,"column":21}},"107":{"start":{"line":240,"column":6},"end":{"line":240,"column":53}},"108":{"start":{"line":241,"column":6},"end":{"line":241,"column":84}},"109":{"start":{"line":247,"column":2},"end":{"line":262,"column":5}},"110":{"start":{"line":248,"column":22},"end":{"line":248,"column":35}},"111":{"start":{"line":249,"column":4},"end":{"line":261,"column":5}},"112":{"start":{"line":250,"column":23},"end":{"line":253,"column":7}},"113":{"start":{"line":254,"column":6},"end":{"line":256,"column":7}},"114":{"start":{"line":255,"column":8},"end":{"line":255,"column":107}},"115":{"start":{"line":257,"column":6},"end":{"line":257,"column":77}},"116":{"start":{"line":259,"column":6},"end":{"line":259,"column":54}},"117":{"start":{"line":260,"column":6},"end":{"line":260,"column":84}},"118":{"start":{"line":265,"column":2},"end":{"line":280,"column":5}},"119":{"start":{"line":266,"column":22},"end":{"line":266,"column":35}},"120":{"start":{"line":267,"column":4},"end":{"line":279,"column":5}},"121":{"start":{"line":268,"column":23},"end":{"line":271,"column":7}},"122":{"start":{"line":272,"column":6},"end":{"line":274,"column":7}},"123":{"start":{"line":273,"column":8},"end":{"line":273,"column":104}},"124":{"start":{"line":275,"column":6},"end":{"line":275,"column":79}},"125":{"start":{"line":277,"column":6},"end":{"line":277,"column":56}},"126":{"start":{"line":278,"column":6},"end":{"line":278,"column":86}},"127":{"start":{"line":283,"column":2},"end":{"line":298,"column":5}},"128":{"start":{"line":284,"column":22},"end":{"line":284,"column":35}},"129":{"start":{"line":285,"column":4},"end":{"line":297,"column":5}},"130":{"start":{"line":286,"column":23},"end":{"line":289,"column":7}},"131":{"start":{"line":290,"column":6},"end":{"line":292,"column":7}},"132":{"start":{"line":291,"column":8},"end":{"line":291,"column":103}},"133":{"start":{"line":293,"column":6},"end":{"line":293,"column":78}},"134":{"start":{"line":295,"column":6},"end":{"line":295,"column":55}},"135":{"start":{"line":296,"column":6},"end":{"line":296,"column":86}},"136":{"start":{"line":301,"column":0},"end":{"line":324,"column":5}},"137":{"start":{"line":302,"column":4},"end":{"line":323,"column":5}},"138":{"start":{"line":304,"column":23},"end":{"line":317,"column":10}},"139":{"start":{"line":319,"column":8},"end":{"line":319,"column":48}},"140":{"start":{"line":321,"column":8},"end":{"line":321,"column":55}},"141":{"start":{"line":322,"column":8},"end":{"line":322,"column":86}},"142":{"start":{"line":326,"column":0},"end":{"line":346,"column":5}},"143":{"start":{"line":327,"column":4},"end":{"line":345,"column":5}},"144":{"start":{"line":328,"column":21},"end":{"line":339,"column":8}},"145":{"start":{"line":340,"column":6},"end":{"line":340,"column":52}},"146":{"start":{"line":341,"column":6},"end":{"line":341,"column":46}},"147":{"start":{"line":343,"column":6},"end":{"line":343,"column":60}},"148":{"start":{"line":344,"column":6},"end":{"line":344,"column":91}},"149":{"start":{"line":349,"column":0},"end":{"line":376,"column":5}},"150":{"start":{"line":350,"column":4},"end":{"line":375,"column":5}},"151":{"start":{"line":351,"column":21},"end":{"line":365,"column":8}},"152":{"start":{"line":366,"column":6},"end":{"line":366,"column":52}},"153":{"start":{"line":367,"column":6},"end":{"line":370,"column":7}},"154":{"start":{"line":368,"column":8},"end":{"line":368,"column":54}},"155":{"start":{"line":369,"column":8},"end":{"line":369,"column":87}},"156":{"start":{"line":371,"column":6},"end":{"line":371,"column":46}},"157":{"start":{"line":373,"column":6},"end":{"line":373,"column":79}},"158":{"start":{"line":374,"column":6},"end":{"line":374,"column":111}},"159":{"start":{"line":378,"column":0},"end":{"line":378,"column":21}}},"fnMap":{"0":{"name":"(anonymous_0)","decl":{"start":{"line":9,"column":23},"end":{"line":9,"column":24}},"loc":{"start":{"line":9,"column":43},"end":{"line":69,"column":3}},"line":9},"1":{"name":"(anonymous_1)","decl":{"start":{"line":72,"column":27},"end":{"line":72,"column":28}},"loc":{"start":{"line":72,"column":47},"end":{"line":106,"column":3}},"line":72},"2":{"name":"(anonymous_2)","decl":{"start":{"line":109,"column":22},"end":{"line":109,"column":23}},"loc":{"start":{"line":109,"column":42},"end":{"line":136,"column":3}},"line":109},"3":{"name":"(anonymous_3)","decl":{"start":{"line":139,"column":27},"end":{"line":139,"column":28}},"loc":{"start":{"line":139,"column":47},"end":{"line":159,"column":3}},"line":139},"4":{"name":"(anonymous_4)","decl":{"start":{"line":162,"column":27},"end":{"line":162,"column":28}},"loc":{"start":{"line":162,"column":47},"end":{"line":211,"column":3}},"line":162},"5":{"name":"(anonymous_5)","decl":{"start":{"line":214,"column":23},"end":{"line":214,"column":24}},"loc":{"start":{"line":214,"column":43},"end":{"line":243,"column":3}},"line":214},"6":{"name":"(anonymous_6)","decl":{"start":{"line":247,"column":35},"end":{"line":247,"column":36}},"loc":{"start":{"line":247,"column":55},"end":{"line":262,"column":3}},"line":247},"7":{"name":"(anonymous_7)","decl":{"start":{"line":265,"column":37},"end":{"line":265,"column":38}},"loc":{"start":{"line":265,"column":57},"end":{"line":280,"column":3}},"line":265},"8":{"name":"(anonymous_8)","decl":{"start":{"line":283,"column":36},"end":{"line":283,"column":37}},"loc":{"start":{"line":283,"column":56},"end":{"line":298,"column":3}},"line":283},"9":{"name":"(anonymous_9)","decl":{"start":{"line":301,"column":33},"end":{"line":301,"column":34}},"loc":{"start":{"line":301,"column":53},"end":{"line":324,"column":3}},"line":301},"10":{"name":"(anonymous_10)","decl":{"start":{"line":326,"column":28},"end":{"line":326,"column":29}},"loc":{"start":{"line":326,"column":48},"end":{"line":346,"column":3}},"line":326},"11":{"name":"(anonymous_11)","decl":{"start":{"line":349,"column":28},"end":{"line":349,"column":29}},"loc":{"start":{"line":349,"column":48},"end":{"line":376,"column":3}},"line":349}},"branchMap":{"0":{"loc":{"start":{"line":12,"column":4},"end":{"line":14,"column":5}},"type":"if","locations":[{"start":{"line":12,"column":4},"end":{"line":14,"column":5}},{"start":{},"end":{}}],"line":12},"1":{"loc":{"start":{"line":12,"column":8},"end":{"line":12,"column":85}},"type":"binary-expr","locations":[{"start":{"line":12,"column":8},"end":{"line":12,"column":13}},{"start":{"line":12,"column":17},"end":{"line":12,"column":23}},{"start":{"line":12,"column":27},"end":{"line":12,"column":33}},{"start":{"line":12,"column":37},"end":{"line":12,"column":45}},{"start":{"line":12,"column":49},"end":{"line":12,"column":58}},{"start":{"line":12,"column":62},"end":{"line":12,"column":67}},{"start":{"line":12,"column":71},"end":{"line":12,"column":85}}],"line":12},"2":{"loc":{"start":{"line":21,"column":6},"end":{"line":25,"column":7}},"type":"if","locations":[{"start":{"line":21,"column":6},"end":{"line":25,"column":7}},{"start":{"line":23,"column":13},"end":{"line":25,"column":7}}],"line":21},"3":{"loc":{"start":{"line":30,"column":6},"end":{"line":33,"column":7}},"type":"if","locations":[{"start":{"line":30,"column":6},"end":{"line":33,"column":7}},{"start":{},"end":{}}],"line":30},"4":{"loc":{"start":{"line":43,"column":6},"end":{"line":46,"column":7}},"type":"if","locations":[{"start":{"line":43,"column":6},"end":{"line":46,"column":7}},{"start":{},"end":{}}],"line":43},"5":{"loc":{"start":{"line":76,"column":4},"end":{"line":78,"column":5}},"type":"if","locations":[{"start":{"line":76,"column":4},"end":{"line":78,"column":5}},{"start":{},"end":{}}],"line":76},"6":{"loc":{"start":{"line":76,"column":8},"end":{"line":76,"column":62}},"type":"binary-expr","locations":[{"start":{"line":76,"column":8},"end":{"line":76,"column":16}},{"start":{"line":76,"column":20},"end":{"line":76,"column":29}},{"start":{"line":76,"column":33},"end":{"line":76,"column":43}},{"start":{"line":76,"column":47},"end":{"line":76,"column":62}}],"line":76},"7":{"loc":{"start":{"line":83,"column":8},"end":{"line":85,"column":9}},"type":"if","locations":[{"start":{"line":83,"column":8},"end":{"line":85,"column":9}},{"start":{},"end":{}}],"line":83},"8":{"loc":{"start":{"line":90,"column":8},"end":{"line":92,"column":9}},"type":"if","locations":[{"start":{"line":90,"column":8},"end":{"line":92,"column":9}},{"start":{},"end":{}}],"line":90},"9":{"loc":{"start":{"line":114,"column":8},"end":{"line":116,"column":9}},"type":"if","locations":[{"start":{"line":114,"column":8},"end":{"line":116,"column":9}},{"start":{},"end":{}}],"line":114},"10":{"loc":{"start":{"line":150,"column":10},"end":{"line":154,"column":11}},"type":"if","locations":[{"start":{"line":150,"column":10},"end":{"line":154,"column":11}},{"start":{"line":152,"column":17},"end":{"line":154,"column":11}}],"line":150},"11":{"loc":{"start":{"line":167,"column":4},"end":{"line":169,"column":5}},"type":"if","locations":[{"start":{"line":167,"column":4},"end":{"line":169,"column":5}},{"start":{},"end":{}}],"line":167},"12":{"loc":{"start":{"line":167,"column":8},"end":{"line":167,"column":43}},"type":"binary-expr","locations":[{"start":{"line":167,"column":8},"end":{"line":167,"column":16}},{"start":{"line":167,"column":20},"end":{"line":167,"column":29}},{"start":{"line":167,"column":33},"end":{"line":167,"column":43}}],"line":167},"13":{"loc":{"start":{"line":186,"column":8},"end":{"line":189,"column":9}},"type":"if","locations":[{"start":{"line":186,"column":8},"end":{"line":189,"column":9}},{"start":{},"end":{}}],"line":186},"14":{"loc":{"start":{"line":197,"column":8},"end":{"line":203,"column":9}},"type":"if","locations":[{"start":{"line":197,"column":8},"end":{"line":203,"column":9}},{"start":{"line":200,"column":15},"end":{"line":203,"column":9}}],"line":197},"15":{"loc":{"start":{"line":217,"column":4},"end":{"line":219,"column":5}},"type":"if","locations":[{"start":{"line":217,"column":4},"end":{"line":219,"column":5}},{"start":{},"end":{}}],"line":217},"16":{"loc":{"start":{"line":234,"column":6},"end":{"line":236,"column":7}},"type":"if","locations":[{"start":{"line":234,"column":6},"end":{"line":236,"column":7}},{"start":{},"end":{}}],"line":234},"17":{"loc":{"start":{"line":254,"column":6},"end":{"line":256,"column":7}},"type":"if","locations":[{"start":{"line":254,"column":6},"end":{"line":256,"column":7}},{"start":{},"end":{}}],"line":254},"18":{"loc":{"start":{"line":272,"column":6},"end":{"line":274,"column":7}},"type":"if","locations":[{"start":{"line":272,"column":6},"end":{"line":274,"column":7}},{"start":{},"end":{}}],"line":272},"19":{"loc":{"start":{"line":290,"column":6},"end":{"line":292,"column":7}},"type":"if","locations":[{"start":{"line":290,"column":6},"end":{"line":292,"column":7}},{"start":{},"end":{}}],"line":290},"20":{"loc":{"start":{"line":367,"column":6},"end":{"line":370,"column":7}},"type":"if","locations":[{"start":{"line":367,"column":6},"end":{"line":370,"column":7}},{"start":{},"end":{}}],"line":367}},"s":{"0":1,"1":1,"2":1,"3":1,"4":1,"5":1,"6":4,"7":4,"8":0,"9":4,"10":4,"11":4,"12":4,"13":4,"14":0,"15":4,"16":4,"17":4,"18":2,"19":2,"20":2,"21":2,"22":2,"23":0,"24":0,"25":2,"26":2,"27":2,"28":2,"29":2,"30":2,"31":2,"32":2,"33":0,"34":0,"35":0,"36":4,"37":1,"38":2,"39":2,"40":2,"41":0,"42":2,"43":2,"44":2,"45":0,"46":2,"47":2,"48":2,"49":0,"50":2,"51":2,"52":2,"53":0,"54":0,"55":1,"56":1,"57":1,"58":1,"59":1,"60":0,"61":1,"62":1,"63":0,"64":0,"65":1,"66":2,"67":2,"68":2,"69":2,"70":2,"71":2,"72":1,"73":1,"74":0,"75":0,"76":1,"77":2,"78":2,"79":2,"80":0,"81":2,"82":2,"83":2,"84":2,"85":2,"86":1,"87":1,"88":1,"89":1,"90":1,"91":1,"92":0,"93":0,"94":0,"95":0,"96":0,"97":2,"98":1,"99":0,"100":0,"101":0,"102":0,"103":0,"104":0,"105":0,"106":0,"107":0,"108":0,"109":1,"110":2,"111":2,"112":2,"113":2,"114":0,"115":2,"116":0,"117":0,"118":1,"119":1,"120":1,"121":1,"122":1,"123":0,"124":1,"125":0,"126":0,"127":1,"128":1,"129":1,"130":1,"131":1,"132":0,"133":1,"134":0,"135":0,"136":1,"137":1,"138":1,"139":1,"140":0,"141":0,"142":1,"143":1,"144":1,"145":1,"146":1,"147":0,"148":0,"149":1,"150":1,"151":1,"152":1,"153":1,"154":0,"155":0,"156":1,"157":0,"158":0,"159":1},"f":{"0":4,"1":2,"2":1,"3":2,"4":2,"5":0,"6":2,"7":1,"8":1,"9":1,"10":1,"11":1},"b":{"0":[0,4],"1":[4,4,4,4,4,4,4],"2":[0,4],"3":[2,2],"4":[0,2],"5":[0,2],"6":[2,2,2,2],"7":[0,2],"8":[0,2],"9":[0,1],"10":[1,1],"11":[0,2],"12":[2,2,2],"13":[1,1],"14":[1,0],"15":[0,0],"16":[0,0],"17":[0,2],"18":[0,1],"19":[0,1],"20":[0,1]},"_coverageSchema":"1a1c01bbd47fc00a2c39e90264f33305004495a9","hash":"4e5af9b045882a43f12f93b247223c4c4e0aa67f"}
,"C:\\Users\\Dani\\checkin-crew\\routes\\feedbackRoutes.js": {"path":"C:\\Users\\Dani\\checkin-crew\\routes\\feedbackRoutes.js","statementMap":{"0":{"start":{"line":1,"column":16},"end":{"line":1,"column":34}},"1":{"start":{"line":2,"column":12},"end":{"line":2,"column":28}},"2":{"start":{"line":3,"column":13},"end":{"line":3,"column":34}},"3":{"start":{"line":4,"column":17},"end":{"line":4,"column":42}},"4":{"start":{"line":8,"column":0},"end":{"line":29,"column":5}},"5":{"start":{"line":9,"column":43},"end":{"line":9,"column":51}},"6":{"start":{"line":10,"column":4},"end":{"line":28,"column":5}},"7":{"start":{"line":11,"column":28},"end":{"line":14,"column":7}},"8":{"start":{"line":15,"column":6},"end":{"line":17,"column":7}},"9":{"start":{"line":16,"column":8},"end":{"line":16,"column":105}},"10":{"start":{"line":18,"column":21},"end":{"line":18,"column":43}},"11":{"start":{"line":20,"column":6},"end":{"line":23,"column":8}},"12":{"start":{"line":24,"column":6},"end":{"line":24,"column":78}},"13":{"start":{"line":26,"column":6},"end":{"line":26,"column":55}},"14":{"start":{"line":27,"column":6},"end":{"line":27,"column":85}},"15":{"start":{"line":32,"column":2},"end":{"line":47,"column":5}},"16":{"start":{"line":33,"column":22},"end":{"line":33,"column":42}},"17":{"start":{"line":34,"column":4},"end":{"line":46,"column":5}},"18":{"start":{"line":35,"column":21},"end":{"line":38,"column":7}},"19":{"start":{"line":39,"column":6},"end":{"line":41,"column":7}},"20":{"start":{"line":40,"column":8},"end":{"line":40,"column":103}},"21":{"start":{"line":42,"column":6},"end":{"line":42,"column":46}},"22":{"start":{"line":44,"column":6},"end":{"line":44,"column":53}},"23":{"start":{"line":45,"column":6},"end":{"line":45,"column":84}},"24":{"start":{"line":50,"column":2},"end":{"line":68,"column":5}},"25":{"start":{"line":51,"column":19},"end":{"line":51,"column":36}},"26":{"start":{"line":52,"column":4},"end":{"line":67,"column":5}},"27":{"start":{"line":53,"column":21},"end":{"line":62,"column":18}},"28":{"start":{"line":63,"column":6},"end":{"line":63,"column":46}},"29":{"start":{"line":65,"column":6},"end":{"line":65,"column":58}},"30":{"start":{"line":66,"column":6},"end":{"line":66,"column":89}},"31":{"start":{"line":75,"column":0},"end":{"line":91,"column":5}},"32":{"start":{"line":76,"column":4},"end":{"line":90,"column":5}},"33":{"start":{"line":77,"column":25},"end":{"line":77,"column":51}},"34":{"start":{"line":78,"column":21},"end":{"line":85,"column":8}},"35":{"start":{"line":86,"column":6},"end":{"line":86,"column":46}},"36":{"start":{"line":88,"column":6},"end":{"line":88,"column":44}},"37":{"start":{"line":89,"column":6},"end":{"line":89,"column":72}},"38":{"start":{"line":92,"column":2},"end":{"line":108,"column":5}},"39":{"start":{"line":93,"column":19},"end":{"line":93,"column":29}},"40":{"start":{"line":95,"column":4},"end":{"line":107,"column":5}},"41":{"start":{"line":96,"column":25},"end":{"line":96,"column":51}},"42":{"start":{"line":97,"column":6},"end":{"line":101,"column":15}},"43":{"start":{"line":103,"column":6},"end":{"line":103,"column":65}},"44":{"start":{"line":105,"column":6},"end":{"line":105,"column":25}},"45":{"start":{"line":106,"column":6},"end":{"line":106,"column":72}},"46":{"start":{"line":111,"column":0},"end":{"line":131,"column":5}},"47":{"start":{"line":112,"column":49},"end":{"line":112,"column":57}},"48":{"start":{"line":114,"column":4},"end":{"line":116,"column":5}},"49":{"start":{"line":115,"column":8},"end":{"line":115,"column":132}},"50":{"start":{"line":117,"column":23},"end":{"line":117,"column":49}},"51":{"start":{"line":118,"column":4},"end":{"line":130,"column":5}},"52":{"start":{"line":119,"column":27},"end":{"line":123,"column":9}},"53":{"start":{"line":126,"column":8},"end":{"line":126,"column":104}},"54":{"start":{"line":128,"column":8},"end":{"line":128,"column":67}},"55":{"start":{"line":129,"column":8},"end":{"line":129,"column":74}},"56":{"start":{"line":132,"column":0},"end":{"line":132,"column":21}}},"fnMap":{"0":{"name":"(anonymous_0)","decl":{"start":{"line":8,"column":22},"end":{"line":8,"column":23}},"loc":{"start":{"line":8,"column":42},"end":{"line":29,"column":3}},"line":8},"1":{"name":"(anonymous_1)","decl":{"start":{"line":32,"column":34},"end":{"line":32,"column":35}},"loc":{"start":{"line":32,"column":54},"end":{"line":47,"column":3}},"line":32},"2":{"name":"(anonymous_2)","decl":{"start":{"line":50,"column":36},"end":{"line":50,"column":37}},"loc":{"start":{"line":50,"column":56},"end":{"line":68,"column":3}},"line":50},"3":{"name":"(anonymous_3)","decl":{"start":{"line":75,"column":32},"end":{"line":75,"column":33}},"loc":{"start":{"line":75,"column":52},"end":{"line":91,"column":3}},"line":75},"4":{"name":"(anonymous_4)","decl":{"start":{"line":92,"column":44},"end":{"line":92,"column":45}},"loc":{"start":{"line":92,"column":64},"end":{"line":108,"column":3}},"line":92},"5":{"name":"(anonymous_5)","decl":{"start":{"line":111,"column":31},"end":{"line":111,"column":32}},"loc":{"start":{"line":111,"column":51},"end":{"line":131,"column":3}},"line":111}},"branchMap":{"0":{"loc":{"start":{"line":15,"column":6},"end":{"line":17,"column":7}},"type":"if","locations":[{"start":{"line":15,"column":6},"end":{"line":17,"column":7}},{"start":{},"end":{}}],"line":15},"1":{"loc":{"start":{"line":39,"column":6},"end":{"line":41,"column":7}},"type":"if","locations":[{"start":{"line":39,"column":6},"end":{"line":41,"column":7}},{"start":{},"end":{}}],"line":39},"2":{"loc":{"start":{"line":114,"column":4},"end":{"line":116,"column":5}},"type":"if","locations":[{"start":{"line":114,"column":4},"end":{"line":116,"column":5}},{"start":{},"end":{}}],"line":114},"3":{"loc":{"start":{"line":114,"column":8},"end":{"line":114,"column":50}},"type":"binary-expr","locations":[{"start":{"line":114,"column":8},"end":{"line":114,"column":15}},{"start":{"line":114,"column":19},"end":{"line":114,"column":29}},{"start":{"line":114,"column":33},"end":{"line":114,"column":38}},{"start":{"line":114,"column":42},"end":{"line":114,"column":50}}],"line":114}},"s":{"0":1,"1":1,"2":1,"3":1,"4":1,"5":2,"6":2,"7":2,"8":2,"9":0,"10":2,"11":2,"12":2,"13":0,"14":0,"15":1,"16":2,"17":2,"18":2,"19":2,"20":0,"21":2,"22":0,"23":0,"24":1,"25":0,"26":0,"27":0,"28":0,"29":0,"30":0,"31":1,"32":2,"33":2,"34":2,"35":2,"36":0,"37":0,"38":1,"39":1,"40":1,"41":1,"42":1,"43":1,"44":0,"45":0,"46":1,"47":2,"48":2,"49":0,"50":2,"51":2,"52":2,"53":2,"54":0,"55":0,"56":1},"f":{"0":2,"1":2,"2":0,"3":2,"4":1,"5":2},"b":{"0":[0,2],"1":[0,2],"2":[0,2],"3":[2,2,2,2]},"_coverageSchema":"1a1c01bbd47fc00a2c39e90264f33305004495a9","hash":"2566503af691bd91f14459e1f608c05f2df23989"}
,"C:\\Users\\Dani\\checkin-crew\\routes\\roomRoutes.js": {"path":"C:\\Users\\Dani\\checkin-crew\\routes\\roomRoutes.js","statementMap":{"0":{"start":{"line":1,"column":16},"end":{"line":1,"column":34}},"1":{"start":{"line":2,"column":12},"end":{"line":2,"column":28}},"2":{"start":{"line":3,"column":13},"end":{"line":3,"column":34}},"3":{"start":{"line":4,"column":17},"end":{"line":4,"column":42}},"4":{"start":{"line":8,"column":0},"end":{"line":26,"column":5}},"5":{"start":{"line":9,"column":4},"end":{"line":25,"column":5}},"6":{"start":{"line":10,"column":21},"end":{"line":20,"column":8}},"7":{"start":{"line":21,"column":6},"end":{"line":21,"column":21}},"8":{"start":{"line":23,"column":6},"end":{"line":23,"column":50}},"9":{"start":{"line":24,"column":6},"end":{"line":24,"column":81}},"10":{"start":{"line":29,"column":0},"end":{"line":37,"column":5}},"11":{"start":{"line":30,"column":4},"end":{"line":36,"column":5}},"12":{"start":{"line":31,"column":21},"end":{"line":31,"column":90}},"13":{"start":{"line":32,"column":6},"end":{"line":32,"column":21}},"14":{"start":{"line":34,"column":6},"end":{"line":34,"column":54}},"15":{"start":{"line":35,"column":6},"end":{"line":35,"column":81}},"16":{"start":{"line":40,"column":0},"end":{"line":48,"column":5}},"17":{"start":{"line":41,"column":4},"end":{"line":47,"column":5}},"18":{"start":{"line":42,"column":21},"end":{"line":42,"column":110}},"19":{"start":{"line":43,"column":6},"end":{"line":43,"column":21}},"20":{"start":{"line":45,"column":6},"end":{"line":45,"column":50}},"21":{"start":{"line":46,"column":6},"end":{"line":46,"column":84}},"22":{"start":{"line":51,"column":0},"end":{"line":63,"column":5}},"23":{"start":{"line":52,"column":19},"end":{"line":52,"column":29}},"24":{"start":{"line":53,"column":4},"end":{"line":62,"column":5}},"25":{"start":{"line":54,"column":21},"end":{"line":54,"column":129}},"26":{"start":{"line":55,"column":6},"end":{"line":57,"column":7}},"27":{"start":{"line":56,"column":8},"end":{"line":56,"column":83}},"28":{"start":{"line":58,"column":6},"end":{"line":58,"column":24}},"29":{"start":{"line":60,"column":6},"end":{"line":60,"column":49}},"30":{"start":{"line":61,"column":6},"end":{"line":61,"column":83}},"31":{"start":{"line":66,"column":2},"end":{"line":85,"column":5}},"32":{"start":{"line":67,"column":54},"end":{"line":67,"column":62}},"33":{"start":{"line":68,"column":4},"end":{"line":70,"column":5}},"34":{"start":{"line":69,"column":6},"end":{"line":69,"column":90}},"35":{"start":{"line":71,"column":4},"end":{"line":84,"column":5}},"36":{"start":{"line":72,"column":25},"end":{"line":72,"column":104}},"37":{"start":{"line":73,"column":6},"end":{"line":75,"column":7}},"38":{"start":{"line":74,"column":8},"end":{"line":74,"column":95}},"39":{"start":{"line":76,"column":23},"end":{"line":79,"column":7}},"40":{"start":{"line":80,"column":6},"end":{"line":80,"column":67}},"41":{"start":{"line":82,"column":6},"end":{"line":82,"column":47}},"42":{"start":{"line":83,"column":6},"end":{"line":83,"column":81}},"43":{"start":{"line":88,"column":2},"end":{"line":107,"column":5}},"44":{"start":{"line":89,"column":19},"end":{"line":89,"column":29}},"45":{"start":{"line":90,"column":41},"end":{"line":90,"column":49}},"46":{"start":{"line":91,"column":4},"end":{"line":93,"column":5}},"47":{"start":{"line":92,"column":6},"end":{"line":92,"column":90}},"48":{"start":{"line":94,"column":4},"end":{"line":106,"column":5}},"49":{"start":{"line":95,"column":23},"end":{"line":98,"column":7}},"50":{"start":{"line":99,"column":6},"end":{"line":101,"column":7}},"51":{"start":{"line":100,"column":8},"end":{"line":100,"column":83}},"52":{"start":{"line":102,"column":6},"end":{"line":102,"column":72}},"53":{"start":{"line":104,"column":6},"end":{"line":104,"column":49}},"54":{"start":{"line":105,"column":6},"end":{"line":105,"column":81}},"55":{"start":{"line":110,"column":2},"end":{"line":122,"column":5}},"56":{"start":{"line":111,"column":19},"end":{"line":111,"column":29}},"57":{"start":{"line":112,"column":4},"end":{"line":121,"column":5}},"58":{"start":{"line":113,"column":23},"end":{"line":113,"column":81}},"59":{"start":{"line":114,"column":6},"end":{"line":116,"column":7}},"60":{"start":{"line":115,"column":8},"end":{"line":115,"column":83}},"61":{"start":{"line":117,"column":6},"end":{"line":117,"column":72}},"62":{"start":{"line":119,"column":6},"end":{"line":119,"column":49}},"63":{"start":{"line":120,"column":6},"end":{"line":120,"column":81}},"64":{"start":{"line":125,"column":0},"end":{"line":141,"column":5}},"65":{"start":{"line":126,"column":19},"end":{"line":126,"column":29}},"66":{"start":{"line":127,"column":23},"end":{"line":127,"column":31}},"67":{"start":{"line":128,"column":4},"end":{"line":130,"column":5}},"68":{"start":{"line":129,"column":6},"end":{"line":129,"column":81}},"69":{"start":{"line":131,"column":4},"end":{"line":140,"column":5}},"70":{"start":{"line":132,"column":23},"end":{"line":132,"column":99}},"71":{"start":{"line":133,"column":6},"end":{"line":135,"column":7}},"72":{"start":{"line":134,"column":8},"end":{"line":134,"column":83}},"73":{"start":{"line":136,"column":6},"end":{"line":136,"column":66}},"74":{"start":{"line":138,"column":6},"end":{"line":138,"column":56}},"75":{"start":{"line":139,"column":6},"end":{"line":139,"column":88}},"76":{"start":{"line":144,"column":0},"end":{"line":154,"column":5}},"77":{"start":{"line":145,"column":27},"end":{"line":145,"column":37}},"78":{"start":{"line":146,"column":4},"end":{"line":153,"column":5}},"79":{"start":{"line":147,"column":21},"end":{"line":147,"column":99}},"80":{"start":{"line":148,"column":6},"end":{"line":148,"column":88}},"81":{"start":{"line":148,"column":29},"end":{"line":148,"column":88}},"82":{"start":{"line":149,"column":6},"end":{"line":149,"column":40}},"83":{"start":{"line":151,"column":6},"end":{"line":151,"column":52}},"84":{"start":{"line":152,"column":6},"end":{"line":152,"column":56}},"85":{"start":{"line":155,"column":0},"end":{"line":155,"column":21}}},"fnMap":{"0":{"name":"(anonymous_0)","decl":{"start":{"line":8,"column":18},"end":{"line":8,"column":19}},"loc":{"start":{"line":8,"column":38},"end":{"line":26,"column":3}},"line":8},"1":{"name":"(anonymous_1)","decl":{"start":{"line":29,"column":22},"end":{"line":29,"column":23}},"loc":{"start":{"line":29,"column":42},"end":{"line":37,"column":3}},"line":29},"2":{"name":"(anonymous_2)","decl":{"start":{"line":40,"column":23},"end":{"line":40,"column":24}},"loc":{"start":{"line":40,"column":43},"end":{"line":48,"column":3}},"line":40},"3":{"name":"(anonymous_3)","decl":{"start":{"line":51,"column":29},"end":{"line":51,"column":30}},"loc":{"start":{"line":51,"column":49},"end":{"line":63,"column":3}},"line":51},"4":{"name":"(anonymous_4)","decl":{"start":{"line":66,"column":27},"end":{"line":66,"column":28}},"loc":{"start":{"line":66,"column":47},"end":{"line":85,"column":3}},"line":66},"5":{"name":"(anonymous_5)","decl":{"start":{"line":88,"column":30},"end":{"line":88,"column":31}},"loc":{"start":{"line":88,"column":50},"end":{"line":107,"column":3}},"line":88},"6":{"name":"(anonymous_6)","decl":{"start":{"line":110,"column":33},"end":{"line":110,"column":34}},"loc":{"start":{"line":110,"column":53},"end":{"line":122,"column":3}},"line":110},"7":{"name":"(anonymous_7)","decl":{"start":{"line":125,"column":31},"end":{"line":125,"column":32}},"loc":{"start":{"line":125,"column":51},"end":{"line":141,"column":3}},"line":125},"8":{"name":"(anonymous_8)","decl":{"start":{"line":144,"column":43},"end":{"line":144,"column":44}},"loc":{"start":{"line":144,"column":63},"end":{"line":154,"column":3}},"line":144}},"branchMap":{"0":{"loc":{"start":{"line":55,"column":6},"end":{"line":57,"column":7}},"type":"if","locations":[{"start":{"line":55,"column":6},"end":{"line":57,"column":7}},{"start":{},"end":{}}],"line":55},"1":{"loc":{"start":{"line":68,"column":4},"end":{"line":70,"column":5}},"type":"if","locations":[{"start":{"line":68,"column":4},"end":{"line":70,"column":5}},{"start":{},"end":{}}],"line":68},"2":{"loc":{"start":{"line":68,"column":8},"end":{"line":68,"column":55}},"type":"binary-expr","locations":[{"start":{"line":68,"column":8},"end":{"line":68,"column":20}},{"start":{"line":68,"column":24},"end":{"line":68,"column":29}},{"start":{"line":68,"column":33},"end":{"line":68,"column":39}},{"start":{"line":68,"column":43},"end":{"line":68,"column":55}}],"line":68},"3":{"loc":{"start":{"line":73,"column":6},"end":{"line":75,"column":7}},"type":"if","locations":[{"start":{"line":73,"column":6},"end":{"line":75,"column":7}},{"start":{},"end":{}}],"line":73},"4":{"loc":{"start":{"line":91,"column":4},"end":{"line":93,"column":5}},"type":"if","locations":[{"start":{"line":91,"column":4},"end":{"line":93,"column":5}},{"start":{},"end":{}}],"line":91},"5":{"loc":{"start":{"line":91,"column":8},"end":{"line":91,"column":39}},"type":"binary-expr","locations":[{"start":{"line":91,"column":8},"end":{"line":91,"column":13}},{"start":{"line":91,"column":17},"end":{"line":91,"column":23}},{"start":{"line":91,"column":27},"end":{"line":91,"column":39}}],"line":91},"6":{"loc":{"start":{"line":99,"column":6},"end":{"line":101,"column":7}},"type":"if","locations":[{"start":{"line":99,"column":6},"end":{"line":101,"column":7}},{"start":{},"end":{}}],"line":99},"7":{"loc":{"start":{"line":114,"column":6},"end":{"line":116,"column":7}},"type":"if","locations":[{"start":{"line":114,"column":6},"end":{"line":116,"column":7}},{"start":{},"end":{}}],"line":114},"8":{"loc":{"start":{"line":128,"column":4},"end":{"line":130,"column":5}},"type":"if","locations":[{"start":{"line":128,"column":4},"end":{"line":130,"column":5}},{"start":{},"end":{}}],"line":128},"9":{"loc":{"start":{"line":128,"column":8},"end":{"line":128,"column":62}},"type":"binary-expr","locations":[{"start":{"line":128,"column":8},"end":{"line":128,"column":15}},{"start":{"line":128,"column":19},"end":{"line":128,"column":62}}],"line":128},"10":{"loc":{"start":{"line":133,"column":6},"end":{"line":135,"column":7}},"type":"if","locations":[{"start":{"line":133,"column":6},"end":{"line":135,"column":7}},{"start":{},"end":{}}],"line":133},"11":{"loc":{"start":{"line":148,"column":6},"end":{"line":148,"column":88}},"type":"if","locations":[{"start":{"line":148,"column":6},"end":{"line":148,"column":88}},{"start":{},"end":{}}],"line":148}},"s":{"0":1,"1":1,"2":1,"3":1,"4":1,"5":1,"6":1,"7":1,"8":0,"9":0,"10":1,"11":0,"12":0,"13":0,"14":0,"15":0,"16":1,"17":0,"18":0,"19":0,"20":0,"21":0,"22":1,"23":2,"24":2,"25":2,"26":2,"27":0,"28":2,"29":0,"30":0,"31":1,"32":2,"33":2,"34":0,"35":2,"36":2,"37":2,"38":0,"39":2,"40":2,"41":0,"42":0,"43":1,"44":2,"45":2,"46":2,"47":0,"48":2,"49":2,"50":2,"51":0,"52":2,"53":0,"54":0,"55":1,"56":1,"57":1,"58":1,"59":1,"60":0,"61":1,"62":0,"63":0,"64":1,"65":4,"66":4,"67":4,"68":2,"69":2,"70":2,"71":2,"72":0,"73":2,"74":0,"75":0,"76":1,"77":1,"78":1,"79":1,"80":1,"81":0,"82":1,"83":0,"84":0,"85":1},"f":{"0":1,"1":0,"2":0,"3":2,"4":2,"5":2,"6":1,"7":4,"8":1},"b":{"0":[0,2],"1":[0,2],"2":[2,2,2,2],"3":[0,2],"4":[0,2],"5":[2,2,2],"6":[0,2],"7":[0,1],"8":[2,2],"9":[4,4],"10":[0,2],"11":[0,1]},"_coverageSchema":"1a1c01bbd47fc00a2c39e90264f33305004495a9","hash":"77725d0d239c6b46080a6b692733216143f07684"}
,"C:\\Users\\Dani\\checkin-crew\\routes\\staffRoutes.js": {"path":"C:\\Users\\Dani\\checkin-crew\\routes\\staffRoutes.js","statementMap":{"0":{"start":{"line":1,"column":16},"end":{"line":1,"column":34}},"1":{"start":{"line":2,"column":12},"end":{"line":2,"column":28}},"2":{"start":{"line":3,"column":13},"end":{"line":3,"column":34}},"3":{"start":{"line":4,"column":17},"end":{"line":4,"column":42}},"4":{"start":{"line":8,"column":0},"end":{"line":28,"column":5}},"5":{"start":{"line":9,"column":4},"end":{"line":27,"column":5}},"6":{"start":{"line":10,"column":21},"end":{"line":21,"column":8}},"7":{"start":{"line":22,"column":6},"end":{"line":22,"column":42}},"8":{"start":{"line":23,"column":6},"end":{"line":23,"column":46}},"9":{"start":{"line":25,"column":6},"end":{"line":25,"column":50}},"10":{"start":{"line":26,"column":6},"end":{"line":26,"column":81}},"11":{"start":{"line":31,"column":2},"end":{"line":52,"column":5}},"12":{"start":{"line":32,"column":57},"end":{"line":32,"column":65}},"13":{"start":{"line":33,"column":26},"end":{"line":33,"column":51}},"14":{"start":{"line":34,"column":4},"end":{"line":51,"column":5}},"15":{"start":{"line":36,"column":27},"end":{"line":39,"column":7}},"16":{"start":{"line":40,"column":21},"end":{"line":40,"column":40}},"17":{"start":{"line":43,"column":6},"end":{"line":46,"column":8}},"18":{"start":{"line":47,"column":6},"end":{"line":47,"column":34}},"19":{"start":{"line":49,"column":6},"end":{"line":49,"column":48}},"20":{"start":{"line":50,"column":6},"end":{"line":50,"column":79}},"21":{"start":{"line":55,"column":2},"end":{"line":81,"column":5}},"22":{"start":{"line":56,"column":19},"end":{"line":56,"column":29}},"23":{"start":{"line":57,"column":66},"end":{"line":57,"column":74}},"24":{"start":{"line":58,"column":4},"end":{"line":80,"column":5}},"25":{"start":{"line":60,"column":27},"end":{"line":63,"column":7}},"26":{"start":{"line":64,"column":6},"end":{"line":66,"column":7}},"27":{"start":{"line":65,"column":8},"end":{"line":65,"column":83}},"28":{"start":{"line":69,"column":28},"end":{"line":72,"column":7}},"29":{"start":{"line":73,"column":6},"end":{"line":75,"column":7}},"30":{"start":{"line":74,"column":8},"end":{"line":74,"column":84}},"31":{"start":{"line":76,"column":6},"end":{"line":76,"column":34}},"32":{"start":{"line":78,"column":6},"end":{"line":78,"column":50}},"33":{"start":{"line":79,"column":6},"end":{"line":79,"column":82}},"34":{"start":{"line":84,"column":2},"end":{"line":107,"column":3}},"35":{"start":{"line":85,"column":19},"end":{"line":85,"column":29}},"36":{"start":{"line":86,"column":4},"end":{"line":106,"column":5}},"37":{"start":{"line":88,"column":26},"end":{"line":88,"column":92}},"38":{"start":{"line":89,"column":6},"end":{"line":91,"column":7}},"39":{"start":{"line":90,"column":8},"end":{"line":90,"column":84}},"40":{"start":{"line":92,"column":21},"end":{"line":92,"column":41}},"41":{"start":{"line":95,"column":28},"end":{"line":95,"column":86}},"42":{"start":{"line":96,"column":6},"end":{"line":98,"column":7}},"43":{"start":{"line":97,"column":8},"end":{"line":97,"column":84}},"44":{"start":{"line":101,"column":6},"end":{"line":101,"column":69}},"45":{"start":{"line":102,"column":6},"end":{"line":102,"column":34}},"46":{"start":{"line":104,"column":6},"end":{"line":104,"column":50}},"47":{"start":{"line":105,"column":6},"end":{"line":105,"column":82}},"48":{"start":{"line":109,"column":0},"end":{"line":109,"column":21}}},"fnMap":{"0":{"name":"(anonymous_0)","decl":{"start":{"line":8,"column":18},"end":{"line":8,"column":19}},"loc":{"start":{"line":8,"column":38},"end":{"line":28,"column":3}},"line":8},"1":{"name":"(anonymous_1)","decl":{"start":{"line":31,"column":21},"end":{"line":31,"column":22}},"loc":{"start":{"line":31,"column":41},"end":{"line":52,"column":3}},"line":31},"2":{"name":"(anonymous_2)","decl":{"start":{"line":55,"column":24},"end":{"line":55,"column":25}},"loc":{"start":{"line":55,"column":44},"end":{"line":81,"column":3}},"line":55},"3":{"name":"(anonymous_3)","decl":{"start":{"line":84,"column":27},"end":{"line":84,"column":28}},"loc":{"start":{"line":84,"column":47},"end":{"line":107,"column":1}},"line":84}},"branchMap":{"0":{"loc":{"start":{"line":64,"column":6},"end":{"line":66,"column":7}},"type":"if","locations":[{"start":{"line":64,"column":6},"end":{"line":66,"column":7}},{"start":{},"end":{}}],"line":64},"1":{"loc":{"start":{"line":73,"column":6},"end":{"line":75,"column":7}},"type":"if","locations":[{"start":{"line":73,"column":6},"end":{"line":75,"column":7}},{"start":{},"end":{}}],"line":73},"2":{"loc":{"start":{"line":89,"column":6},"end":{"line":91,"column":7}},"type":"if","locations":[{"start":{"line":89,"column":6},"end":{"line":91,"column":7}},{"start":{},"end":{}}],"line":89},"3":{"loc":{"start":{"line":96,"column":6},"end":{"line":98,"column":7}},"type":"if","locations":[{"start":{"line":96,"column":6},"end":{"line":98,"column":7}},{"start":{},"end":{}}],"line":96}},"s":{"0":1,"1":1,"2":1,"3":1,"4":1,"5":2,"6":2,"7":2,"8":2,"9":0,"10":0,"11":1,"12":2,"13":2,"14":2,"15":2,"16":2,"17":2,"18":2,"19":0,"20":0,"21":1,"22":1,"23":1,"24":1,"25":1,"26":1,"27":0,"28":1,"29":1,"30":0,"31":1,"32":0,"33":0,"34":1,"35":1,"36":1,"37":1,"38":1,"39":0,"40":1,"41":1,"42":1,"43":0,"44":1,"45":1,"46":0,"47":0,"48":1},"f":{"0":2,"1":2,"2":1,"3":1},"b":{"0":[0,1],"1":[0,1],"2":[0,1],"3":[0,1]},"_coverageSchema":"1a1c01bbd47fc00a2c39e90264f33305004495a9","hash":"3eabaa00b3269bcbf1bc26e1e36a538fe51af546"}
,"C:\\Users\\Dani\\checkin-crew\\routes\\staticRoutes.js": {"path":"C:\\Users\\Dani\\checkin-crew\\routes\\staticRoutes.js","statementMap":{"0":{"start":{"line":1,"column":16},"end":{"line":1,"column":34}},"1":{"start":{"line":2,"column":13},"end":{"line":2,"column":28}},"2":{"start":{"line":4,"column":15},"end":{"line":4,"column":31}},"3":{"start":{"line":7,"column":0},"end":{"line":7,"column":61}},"4":{"start":{"line":10,"column":0},"end":{"line":12,"column":3}},"5":{"start":{"line":11,"column":2},"end":{"line":11,"column":54}},"6":{"start":{"line":15,"column":20},"end":{"line":19,"column":1}},"7":{"start":{"line":21,"column":0},"end":{"line":25,"column":3}},"8":{"start":{"line":22,"column":2},"end":{"line":24,"column":5}},"9":{"start":{"line":23,"column":4},"end":{"line":23,"column":67}},"10":{"start":{"line":28,"column":0},"end":{"line":33,"column":3}},"11":{"start":{"line":29,"column":19},"end":{"line":29,"column":33}},"12":{"start":{"line":30,"column":21},"end":{"line":30,"column":52}},"13":{"start":{"line":31,"column":15},"end":{"line":31,"column":82}},"14":{"start":{"line":32,"column":2},"end":{"line":32,"column":55}},"15":{"start":{"line":36,"column":0},"end":{"line":38,"column":3}},"16":{"start":{"line":37,"column":2},"end":{"line":37,"column":61}},"17":{"start":{"line":40,"column":0},"end":{"line":40,"column":24}}},"fnMap":{"0":{"name":"(anonymous_0)","decl":{"start":{"line":10,"column":21},"end":{"line":10,"column":22}},"loc":{"start":{"line":10,"column":35},"end":{"line":12,"column":1}},"line":10},"1":{"name":"(anonymous_1)","decl":{"start":{"line":21,"column":20},"end":{"line":21,"column":21}},"loc":{"start":{"line":21,"column":28},"end":{"line":25,"column":1}},"line":21},"2":{"name":"(anonymous_2)","decl":{"start":{"line":22,"column":36},"end":{"line":22,"column":37}},"loc":{"start":{"line":22,"column":50},"end":{"line":24,"column":3}},"line":22},"3":{"name":"(anonymous_3)","decl":{"start":{"line":28,"column":34},"end":{"line":28,"column":35}},"loc":{"start":{"line":28,"column":48},"end":{"line":33,"column":1}},"line":28},"4":{"name":"(anonymous_4)","decl":{"start":{"line":36,"column":17},"end":{"line":36,"column":18}},"loc":{"start":{"line":36,"column":31},"end":{"line":38,"column":1}},"line":36}},"branchMap":{"0":{"loc":{"start":{"line":31,"column":15},"end":{"line":31,"column":82}},"type":"cond-expr","locations":[{"start":{"line":31,"column":47},"end":{"line":31,"column":65}},{"start":{"line":31,"column":68},"end":{"line":31,"column":82}}],"line":31}},"s":{"0":1,"1":1,"2":1,"3":1,"4":1,"5":0,"6":1,"7":1,"8":11,"9":0,"10":1,"11":0,"12":0,"13":0,"14":0,"15":1,"16":0,"17":1},"f":{"0":0,"1":11,"2":0,"3":0,"4":0},"b":{"0":[0,0]},"_coverageSchema":"1a1c01bbd47fc00a2c39e90264f33305004495a9","hash":"d26e37e42f3438cd0625a0fe9cae1efb8e56e5f8"}
,"C:\\Users\\Dani\\checkin-crew\\routes\\userRoutes.js": {"path":"C:\\Users\\Dani\\checkin-crew\\routes\\userRoutes.js","statementMap":{"0":{"start":{"line":1,"column":16},"end":{"line":1,"column":34}},"1":{"start":{"line":2,"column":12},"end":{"line":2,"column":28}},"2":{"start":{"line":3,"column":13},"end":{"line":3,"column":34}},"3":{"start":{"line":4,"column":17},"end":{"line":4,"column":42}},"4":{"start":{"line":8,"column":0},"end":{"line":17,"column":5}},"5":{"start":{"line":9,"column":4},"end":{"line":16,"column":5}},"6":{"start":{"line":10,"column":21},"end":{"line":10,"column":94}},"7":{"start":{"line":11,"column":6},"end":{"line":11,"column":42}},"8":{"start":{"line":12,"column":6},"end":{"line":12,"column":46}},"9":{"start":{"line":14,"column":6},"end":{"line":14,"column":50}},"10":{"start":{"line":15,"column":6},"end":{"line":15,"column":81}},"11":{"start":{"line":20,"column":2},"end":{"line":36,"column":5}},"12":{"start":{"line":21,"column":19},"end":{"line":21,"column":29}},"13":{"start":{"line":22,"column":28},"end":{"line":22,"column":36}},"14":{"start":{"line":23,"column":4},"end":{"line":35,"column":5}},"15":{"start":{"line":24,"column":23},"end":{"line":27,"column":7}},"16":{"start":{"line":28,"column":6},"end":{"line":30,"column":7}},"17":{"start":{"line":29,"column":8},"end":{"line":29,"column":83}},"18":{"start":{"line":31,"column":6},"end":{"line":31,"column":34}},"19":{"start":{"line":33,"column":6},"end":{"line":33,"column":49}},"20":{"start":{"line":34,"column":6},"end":{"line":34,"column":81}},"21":{"start":{"line":39,"column":2},"end":{"line":53,"column":5}},"22":{"start":{"line":40,"column":19},"end":{"line":40,"column":29}},"23":{"start":{"line":41,"column":4},"end":{"line":52,"column":5}},"24":{"start":{"line":43,"column":6},"end":{"line":43,"column":70}},"25":{"start":{"line":44,"column":23},"end":{"line":44,"column":81}},"26":{"start":{"line":45,"column":6},"end":{"line":47,"column":7}},"27":{"start":{"line":46,"column":8},"end":{"line":46,"column":83}},"28":{"start":{"line":48,"column":6},"end":{"line":48,"column":34}},"29":{"start":{"line":50,"column":6},"end":{"line":50,"column":49}},"30":{"start":{"line":51,"column":6},"end":{"line":51,"column":81}},"31":{"start":{"line":55,"column":0},"end":{"line":55,"column":21}}},"fnMap":{"0":{"name":"(anonymous_0)","decl":{"start":{"line":8,"column":18},"end":{"line":8,"column":19}},"loc":{"start":{"line":8,"column":38},"end":{"line":17,"column":3}},"line":8},"1":{"name":"(anonymous_1)","decl":{"start":{"line":20,"column":24},"end":{"line":20,"column":25}},"loc":{"start":{"line":20,"column":44},"end":{"line":36,"column":3}},"line":20},"2":{"name":"(anonymous_2)","decl":{"start":{"line":39,"column":27},"end":{"line":39,"column":28}},"loc":{"start":{"line":39,"column":47},"end":{"line":53,"column":3}},"line":39}},"branchMap":{"0":{"loc":{"start":{"line":28,"column":6},"end":{"line":30,"column":7}},"type":"if","locations":[{"start":{"line":28,"column":6},"end":{"line":30,"column":7}},{"start":{},"end":{}}],"line":28},"1":{"loc":{"start":{"line":45,"column":6},"end":{"line":47,"column":7}},"type":"if","locations":[{"start":{"line":45,"column":6},"end":{"line":47,"column":7}},{"start":{},"end":{}}],"line":45}},"s":{"0":1,"1":1,"2":1,"3":1,"4":1,"5":2,"6":2,"7":2,"8":2,"9":0,"10":0,"11":1,"12":2,"13":2,"14":2,"15":2,"16":2,"17":0,"18":2,"19":0,"20":0,"21":1,"22":0,"23":0,"24":0,"25":0,"26":0,"27":0,"28":0,"29":0,"30":0,"31":1},"f":{"0":2,"1":2,"2":0},"b":{"0":[0,2],"1":[0,0]},"_coverageSchema":"1a1c01bbd47fc00a2c39e90264f33305004495a9","hash":"6b814f0abc7cfa2d8e48d5d93f9d5a017980bca3"}
}
