{"C:\\Users\\Dani\\checkin-crew\\Server.js": {"path":"C:\\Users\\Dani\\checkin-crew\\Server.js","statementMap":{"0":{"start":{"line":1,"column":16},"end":{"line":1,"column":34}},"1":{"start":{"line":2,"column":14},"end":{"line":2,"column":39}},"2":{"start":{"line":3,"column":15},"end":{"line":3,"column":34}},"3":{"start":{"line":4,"column":13},"end":{"line":4,"column":28}},"4":{"start":{"line":5,"column":19},"end":{"line":5,"column":41}},"5":{"start":{"line":6,"column":13},"end":{"line":6,"column":28}},"6":{"start":{"line":7,"column":20},"end":{"line":7,"column":36}},"7":{"start":{"line":8,"column":11},"end":{"line":8,"column":27}},"8":{"start":{"line":9,"column":12},"end":{"line":9,"column":21}},"9":{"start":{"line":10,"column":0},"end":{"line":10,"column":16}},"10":{"start":{"line":11,"column":0},"end":{"line":11,"column":27}},"11":{"start":{"line":14,"column":17},"end":{"line":22,"column":1}},"12":{"start":{"line":25,"column":13},"end":{"line":25,"column":39}},"13":{"start":{"line":29,"column":4},"end":{"line":36,"column":5}},"14":{"start":{"line":30,"column":25},"end":{"line":30,"column":51}},"15":{"start":{"line":31,"column":6},"end":{"line":31,"column":40}},"16":{"start":{"line":32,"column":6},"end":{"line":32,"column":27}},"17":{"start":{"line":34,"column":6},"end":{"line":34,"column":56}},"18":{"start":{"line":35,"column":6},"end":{"line":35,"column":22}},"19":{"start":{"line":39,"column":0},"end":{"line":39,"column":55}},"20":{"start":{"line":42,"column":0},"end":{"line":44,"column":3}},"21":{"start":{"line":43,"column":2},"end":{"line":43,"column":51}},"22":{"start":{"line":47,"column":0},"end":{"line":63,"column":3}},"23":{"start":{"line":48,"column":2},"end":{"line":62,"column":3}},"24":{"start":{"line":49,"column":23},"end":{"line":49,"column":49}},"25":{"start":{"line":50,"column":19},"end":{"line":57,"column":6}},"26":{"start":{"line":58,"column":4},"end":{"line":58,"column":44}},"27":{"start":{"line":60,"column":4},"end":{"line":60,"column":42}},"28":{"start":{"line":61,"column":4},"end":{"line":61,"column":70}},"29":{"start":{"line":64,"column":0},"end":{"line":80,"column":3}},"30":{"start":{"line":65,"column":17},"end":{"line":65,"column":27}},"31":{"start":{"line":67,"column":2},"end":{"line":79,"column":3}},"32":{"start":{"line":68,"column":23},"end":{"line":68,"column":49}},"33":{"start":{"line":69,"column":4},"end":{"line":73,"column":13}},"34":{"start":{"line":75,"column":4},"end":{"line":75,"column":63}},"35":{"start":{"line":77,"column":4},"end":{"line":77,"column":23}},"36":{"start":{"line":78,"column":4},"end":{"line":78,"column":70}},"37":{"start":{"line":82,"column":20},"end":{"line":82,"column":153}},"38":{"start":{"line":83,"column":0},"end":{"line":87,"column":3}},"39":{"start":{"line":84,"column":2},"end":{"line":86,"column":5}},"40":{"start":{"line":85,"column":4},"end":{"line":85,"column":64}},"41":{"start":{"line":89,"column":0},"end":{"line":97,"column":3}},"42":{"start":{"line":90,"column":19},"end":{"line":90,"column":33}},"43":{"start":{"line":91,"column":21},"end":{"line":91,"column":52}},"44":{"start":{"line":92,"column":2},"end":{"line":96,"column":3}},"45":{"start":{"line":93,"column":4},"end":{"line":93,"column":68}},"46":{"start":{"line":95,"column":4},"end":{"line":95,"column":64}},"47":{"start":{"line":99,"column":0},"end":{"line":133,"column":3}},"48":{"start":{"line":100,"column":20},"end":{"line":100,"column":33}},"49":{"start":{"line":101,"column":59},"end":{"line":101,"column":67}},"50":{"start":{"line":103,"column":2},"end":{"line":105,"column":3}},"51":{"start":{"line":104,"column":6},"end":{"line":104,"column":90}},"52":{"start":{"line":107,"column":2},"end":{"line":132,"column":3}},"53":{"start":{"line":109,"column":21},"end":{"line":109,"column":98}},"54":{"start":{"line":110,"column":6},"end":{"line":112,"column":7}},"55":{"start":{"line":111,"column":10},"end":{"line":111,"column":85}},"56":{"start":{"line":113,"column":24},"end":{"line":113,"column":37}},"57":{"start":{"line":116,"column":19},"end":{"line":116,"column":96}},"58":{"start":{"line":117,"column":6},"end":{"line":119,"column":7}},"59":{"start":{"line":118,"column":10},"end":{"line":118,"column":84}},"60":{"start":{"line":120,"column":26},"end":{"line":120,"column":42}},"61":{"start":{"line":123,"column":6},"end":{"line":126,"column":8}},"62":{"start":{"line":128,"column":6},"end":{"line":128,"column":89}},"63":{"start":{"line":130,"column":6},"end":{"line":130,"column":25}},"64":{"start":{"line":131,"column":6},"end":{"line":131,"column":84}},"65":{"start":{"line":136,"column":0},"end":{"line":154,"column":3}},"66":{"start":{"line":137,"column":2},"end":{"line":153,"column":3}},"67":{"start":{"line":138,"column":19},"end":{"line":148,"column":6}},"68":{"start":{"line":149,"column":4},"end":{"line":149,"column":19}},"69":{"start":{"line":151,"column":4},"end":{"line":151,"column":48}},"70":{"start":{"line":152,"column":4},"end":{"line":152,"column":79}},"71":{"start":{"line":156,"column":0},"end":{"line":179,"column":3}},"72":{"start":{"line":157,"column":2},"end":{"line":178,"column":3}},"73":{"start":{"line":159,"column":21},"end":{"line":172,"column":8}},"74":{"start":{"line":174,"column":6},"end":{"line":174,"column":46}},"75":{"start":{"line":176,"column":6},"end":{"line":176,"column":53}},"76":{"start":{"line":177,"column":6},"end":{"line":177,"column":84}},"77":{"start":{"line":181,"column":0},"end":{"line":191,"column":3}},"78":{"start":{"line":182,"column":25},"end":{"line":182,"column":35}},"79":{"start":{"line":183,"column":2},"end":{"line":190,"column":3}},"80":{"start":{"line":184,"column":19},"end":{"line":184,"column":97}},"81":{"start":{"line":185,"column":4},"end":{"line":185,"column":86}},"82":{"start":{"line":185,"column":27},"end":{"line":185,"column":86}},"83":{"start":{"line":186,"column":4},"end":{"line":186,"column":38}},"84":{"start":{"line":188,"column":4},"end":{"line":188,"column":50}},"85":{"start":{"line":189,"column":4},"end":{"line":189,"column":54}},"86":{"start":{"line":195,"column":0},"end":{"line":222,"column":3}},"87":{"start":{"line":196,"column":2},"end":{"line":221,"column":3}},"88":{"start":{"line":197,"column":25},"end":{"line":197,"column":33}},"89":{"start":{"line":198,"column":6},"end":{"line":198,"column":38}},"90":{"start":{"line":200,"column":6},"end":{"line":202,"column":7}},"91":{"start":{"line":201,"column":10},"end":{"line":201,"column":90}},"92":{"start":{"line":204,"column":21},"end":{"line":215,"column":18}},"93":{"start":{"line":217,"column":6},"end":{"line":217,"column":21}},"94":{"start":{"line":219,"column":6},"end":{"line":219,"column":53}},"95":{"start":{"line":220,"column":6},"end":{"line":220,"column":84}},"96":{"start":{"line":224,"column":0},"end":{"line":244,"column":3}},"97":{"start":{"line":225,"column":19},"end":{"line":225,"column":29}},"98":{"start":{"line":227,"column":4},"end":{"line":243,"column":5}},"99":{"start":{"line":228,"column":27},"end":{"line":228,"column":65}},"100":{"start":{"line":229,"column":23},"end":{"line":232,"column":9}},"101":{"start":{"line":233,"column":8},"end":{"line":233,"column":25}},"102":{"start":{"line":235,"column":8},"end":{"line":239,"column":9}},"103":{"start":{"line":236,"column":12},"end":{"line":236,"column":30}},"104":{"start":{"line":238,"column":12},"end":{"line":238,"column":67}},"105":{"start":{"line":241,"column":8},"end":{"line":241,"column":29}},"106":{"start":{"line":242,"column":8},"end":{"line":242,"column":67}},"107":{"start":{"line":247,"column":0},"end":{"line":296,"column":3}},"108":{"start":{"line":248,"column":17},"end":{"line":248,"column":27}},"109":{"start":{"line":249,"column":43},"end":{"line":249,"column":51}},"110":{"start":{"line":252,"column":2},"end":{"line":254,"column":3}},"111":{"start":{"line":253,"column":6},"end":{"line":253,"column":74}},"112":{"start":{"line":256,"column":21},"end":{"line":256,"column":59}},"113":{"start":{"line":258,"column":2},"end":{"line":295,"column":3}},"114":{"start":{"line":259,"column":6},"end":{"line":259,"column":42}},"115":{"start":{"line":262,"column":33},"end":{"line":269,"column":7}},"116":{"start":{"line":271,"column":6},"end":{"line":274,"column":7}},"117":{"start":{"line":272,"column":10},"end":{"line":272,"column":38}},"118":{"start":{"line":273,"column":10},"end":{"line":273,"column":94}},"119":{"start":{"line":277,"column":23},"end":{"line":280,"column":7}},"120":{"start":{"line":282,"column":6},"end":{"line":288,"column":7}},"121":{"start":{"line":283,"column":10},"end":{"line":283,"column":36}},"122":{"start":{"line":284,"column":10},"end":{"line":284,"column":64}},"123":{"start":{"line":286,"column":10},"end":{"line":286,"column":38}},"124":{"start":{"line":287,"column":10},"end":{"line":287,"column":65}},"125":{"start":{"line":290,"column":6},"end":{"line":290,"column":34}},"126":{"start":{"line":291,"column":6},"end":{"line":291,"column":54}},"127":{"start":{"line":292,"column":6},"end":{"line":292,"column":65}},"128":{"start":{"line":294,"column":6},"end":{"line":294,"column":23}},"129":{"start":{"line":299,"column":0},"end":{"line":328,"column":3}},"130":{"start":{"line":300,"column":17},"end":{"line":300,"column":33}},"131":{"start":{"line":302,"column":2},"end":{"line":304,"column":3}},"132":{"start":{"line":303,"column":4},"end":{"line":303,"column":84}},"133":{"start":{"line":306,"column":2},"end":{"line":327,"column":3}},"134":{"start":{"line":307,"column":19},"end":{"line":317,"column":16}},"135":{"start":{"line":319,"column":4},"end":{"line":321,"column":5}},"136":{"start":{"line":320,"column":6},"end":{"line":320,"column":84}},"137":{"start":{"line":323,"column":4},"end":{"line":323,"column":19}},"138":{"start":{"line":325,"column":4},"end":{"line":325,"column":51}},"139":{"start":{"line":326,"column":4},"end":{"line":326,"column":82}},"140":{"start":{"line":332,"column":0},"end":{"line":347,"column":3}},"141":{"start":{"line":333,"column":20},"end":{"line":333,"column":33}},"142":{"start":{"line":334,"column":2},"end":{"line":346,"column":3}},"143":{"start":{"line":335,"column":21},"end":{"line":338,"column":5}},"144":{"start":{"line":339,"column":4},"end":{"line":341,"column":5}},"145":{"start":{"line":340,"column":6},"end":{"line":340,"column":105}},"146":{"start":{"line":342,"column":4},"end":{"line":342,"column":75}},"147":{"start":{"line":344,"column":4},"end":{"line":344,"column":52}},"148":{"start":{"line":345,"column":4},"end":{"line":345,"column":82}},"149":{"start":{"line":350,"column":0},"end":{"line":365,"column":3}},"150":{"start":{"line":351,"column":20},"end":{"line":351,"column":33}},"151":{"start":{"line":352,"column":2},"end":{"line":364,"column":3}},"152":{"start":{"line":353,"column":21},"end":{"line":356,"column":5}},"153":{"start":{"line":357,"column":4},"end":{"line":359,"column":5}},"154":{"start":{"line":358,"column":6},"end":{"line":358,"column":102}},"155":{"start":{"line":360,"column":4},"end":{"line":360,"column":77}},"156":{"start":{"line":362,"column":4},"end":{"line":362,"column":54}},"157":{"start":{"line":363,"column":4},"end":{"line":363,"column":84}},"158":{"start":{"line":368,"column":0},"end":{"line":383,"column":3}},"159":{"start":{"line":369,"column":20},"end":{"line":369,"column":33}},"160":{"start":{"line":370,"column":2},"end":{"line":382,"column":3}},"161":{"start":{"line":371,"column":21},"end":{"line":374,"column":5}},"162":{"start":{"line":375,"column":4},"end":{"line":377,"column":5}},"163":{"start":{"line":376,"column":6},"end":{"line":376,"column":101}},"164":{"start":{"line":378,"column":4},"end":{"line":378,"column":76}},"165":{"start":{"line":380,"column":4},"end":{"line":380,"column":53}},"166":{"start":{"line":381,"column":4},"end":{"line":381,"column":84}},"167":{"start":{"line":386,"column":0},"end":{"line":407,"column":3}},"168":{"start":{"line":387,"column":41},"end":{"line":387,"column":49}},"169":{"start":{"line":388,"column":2},"end":{"line":406,"column":3}},"170":{"start":{"line":389,"column":26},"end":{"line":392,"column":5}},"171":{"start":{"line":393,"column":4},"end":{"line":395,"column":5}},"172":{"start":{"line":394,"column":6},"end":{"line":394,"column":103}},"173":{"start":{"line":396,"column":19},"end":{"line":396,"column":41}},"174":{"start":{"line":398,"column":4},"end":{"line":401,"column":6}},"175":{"start":{"line":402,"column":4},"end":{"line":402,"column":76}},"176":{"start":{"line":404,"column":4},"end":{"line":404,"column":53}},"177":{"start":{"line":405,"column":4},"end":{"line":405,"column":83}},"178":{"start":{"line":410,"column":0},"end":{"line":425,"column":3}},"179":{"start":{"line":411,"column":20},"end":{"line":411,"column":40}},"180":{"start":{"line":412,"column":2},"end":{"line":424,"column":3}},"181":{"start":{"line":413,"column":19},"end":{"line":416,"column":5}},"182":{"start":{"line":417,"column":4},"end":{"line":419,"column":5}},"183":{"start":{"line":418,"column":6},"end":{"line":418,"column":101}},"184":{"start":{"line":420,"column":4},"end":{"line":420,"column":44}},"185":{"start":{"line":422,"column":4},"end":{"line":422,"column":51}},"186":{"start":{"line":423,"column":4},"end":{"line":423,"column":82}},"187":{"start":{"line":428,"column":0},"end":{"line":446,"column":3}},"188":{"start":{"line":429,"column":17},"end":{"line":429,"column":34}},"189":{"start":{"line":430,"column":2},"end":{"line":445,"column":3}},"190":{"start":{"line":431,"column":19},"end":{"line":440,"column":16}},"191":{"start":{"line":441,"column":4},"end":{"line":441,"column":44}},"192":{"start":{"line":443,"column":4},"end":{"line":443,"column":56}},"193":{"start":{"line":444,"column":4},"end":{"line":444,"column":87}},"194":{"start":{"line":449,"column":0},"end":{"line":487,"column":3}},"195":{"start":{"line":450,"column":2},"end":{"line":486,"column":3}},"196":{"start":{"line":451,"column":32},"end":{"line":451,"column":40}},"197":{"start":{"line":452,"column":19},"end":{"line":452,"column":85}},"198":{"start":{"line":453,"column":4},"end":{"line":455,"column":5}},"199":{"start":{"line":454,"column":6},"end":{"line":454,"column":69}},"200":{"start":{"line":456,"column":17},"end":{"line":456,"column":24}},"201":{"start":{"line":457,"column":24},"end":{"line":457,"column":29}},"202":{"start":{"line":460,"column":4},"end":{"line":465,"column":5}},"203":{"start":{"line":461,"column":6},"end":{"line":461,"column":73}},"204":{"start":{"line":464,"column":6},"end":{"line":464,"column":54}},"205":{"start":{"line":467,"column":4},"end":{"line":469,"column":5}},"206":{"start":{"line":468,"column":6},"end":{"line":468,"column":71}},"207":{"start":{"line":470,"column":18},"end":{"line":470,"column":85}},"208":{"start":{"line":471,"column":4},"end":{"line":471,"column":23}},"209":{"start":{"line":473,"column":4},"end":{"line":481,"column":5}},"210":{"start":{"line":474,"column":6},"end":{"line":474,"column":45}},"211":{"start":{"line":476,"column":9},"end":{"line":481,"column":5}},"212":{"start":{"line":477,"column":6},"end":{"line":477,"column":45}},"213":{"start":{"line":480,"column":6},"end":{"line":480,"column":35}},"214":{"start":{"line":482,"column":4},"end":{"line":482,"column":71}},"215":{"start":{"line":484,"column":4},"end":{"line":484,"column":39}},"216":{"start":{"line":485,"column":4},"end":{"line":485,"column":70}},"217":{"start":{"line":490,"column":0},"end":{"line":507,"column":3}},"218":{"start":{"line":491,"column":2},"end":{"line":506,"column":3}},"219":{"start":{"line":492,"column":42},"end":{"line":492,"column":50}},"220":{"start":{"line":493,"column":27},"end":{"line":493,"column":58}},"221":{"start":{"line":494,"column":4},"end":{"line":496,"column":5}},"222":{"start":{"line":495,"column":6},"end":{"line":495,"column":90}},"223":{"start":{"line":497,"column":4},"end":{"line":500,"column":6}},"224":{"start":{"line":501,"column":4},"end":{"line":501,"column":65}},"225":{"start":{"line":503,"column":4},"end":{"line":503,"column":46}},"226":{"start":{"line":504,"column":20},"end":{"line":504,"column":96}},"227":{"start":{"line":505,"column":4},"end":{"line":505,"column":54}},"228":{"start":{"line":509,"column":0},"end":{"line":526,"column":3}},"229":{"start":{"line":510,"column":17},"end":{"line":510,"column":33}},"230":{"start":{"line":512,"column":2},"end":{"line":514,"column":3}},"231":{"start":{"line":513,"column":6},"end":{"line":513,"column":86}},"232":{"start":{"line":516,"column":2},"end":{"line":525,"column":3}},"233":{"start":{"line":517,"column":25},"end":{"line":519,"column":7}},"234":{"start":{"line":521,"column":6},"end":{"line":521,"column":44}},"235":{"start":{"line":523,"column":6},"end":{"line":523,"column":60}},"236":{"start":{"line":524,"column":6},"end":{"line":524,"column":84}},"237":{"start":{"line":529,"column":0},"end":{"line":589,"column":3}},"238":{"start":{"line":530,"column":73},"end":{"line":530,"column":81}},"239":{"start":{"line":532,"column":2},"end":{"line":534,"column":3}},"240":{"start":{"line":533,"column":4},"end":{"line":533,"column":88}},"241":{"start":{"line":536,"column":21},"end":{"line":536,"column":47}},"242":{"start":{"line":537,"column":2},"end":{"line":588,"column":3}},"243":{"start":{"line":538,"column":4},"end":{"line":538,"column":40}},"244":{"start":{"line":539,"column":23},"end":{"line":539,"column":96}},"245":{"start":{"line":541,"column":4},"end":{"line":545,"column":5}},"246":{"start":{"line":542,"column":6},"end":{"line":542,"column":90}},"247":{"start":{"line":544,"column":6},"end":{"line":544,"column":32}},"248":{"start":{"line":546,"column":25},"end":{"line":549,"column":5}},"249":{"start":{"line":550,"column":4},"end":{"line":553,"column":5}},"250":{"start":{"line":551,"column":6},"end":{"line":551,"column":34}},"251":{"start":{"line":552,"column":6},"end":{"line":552,"column":86}},"252":{"start":{"line":554,"column":45},"end":{"line":554,"column":58}},"253":{"start":{"line":555,"column":31},"end":{"line":562,"column":5}},"254":{"start":{"line":563,"column":4},"end":{"line":566,"column":5}},"255":{"start":{"line":564,"column":6},"end":{"line":564,"column":34}},"256":{"start":{"line":565,"column":6},"end":{"line":565,"column":106}},"257":{"start":{"line":567,"column":24},"end":{"line":567,"column":41}},"258":{"start":{"line":568,"column":25},"end":{"line":568,"column":43}},"259":{"start":{"line":569,"column":25},"end":{"line":569,"column":88}},"260":{"start":{"line":570,"column":24},"end":{"line":570,"column":48}},"261":{"start":{"line":571,"column":4},"end":{"line":575,"column":6}},"262":{"start":{"line":576,"column":4},"end":{"line":579,"column":6}},"263":{"start":{"line":580,"column":4},"end":{"line":580,"column":30}},"264":{"start":{"line":581,"column":4},"end":{"line":581,"column":77}},"265":{"start":{"line":583,"column":4},"end":{"line":583,"column":32}},"266":{"start":{"line":584,"column":4},"end":{"line":584,"column":41}},"267":{"start":{"line":585,"column":4},"end":{"line":585,"column":73}},"268":{"start":{"line":587,"column":4},"end":{"line":587,"column":25}},"269":{"start":{"line":591,"column":0},"end":{"line":599,"column":3}},"270":{"start":{"line":592,"column":2},"end":{"line":598,"column":3}},"271":{"start":{"line":593,"column":19},"end":{"line":593,"column":88}},"272":{"start":{"line":594,"column":4},"end":{"line":594,"column":19}},"273":{"start":{"line":596,"column":4},"end":{"line":596,"column":52}},"274":{"start":{"line":597,"column":4},"end":{"line":597,"column":79}},"275":{"start":{"line":601,"column":0},"end":{"line":621,"column":3}},"276":{"start":{"line":602,"column":2},"end":{"line":620,"column":3}},"277":{"start":{"line":603,"column":19},"end":{"line":614,"column":6}},"278":{"start":{"line":615,"column":4},"end":{"line":615,"column":50}},"279":{"start":{"line":616,"column":4},"end":{"line":616,"column":44}},"280":{"start":{"line":618,"column":4},"end":{"line":618,"column":58}},"281":{"start":{"line":619,"column":4},"end":{"line":619,"column":89}},"282":{"start":{"line":623,"column":0},"end":{"line":639,"column":3}},"283":{"start":{"line":624,"column":17},"end":{"line":624,"column":27}},"284":{"start":{"line":625,"column":21},"end":{"line":625,"column":29}},"285":{"start":{"line":626,"column":2},"end":{"line":628,"column":3}},"286":{"start":{"line":627,"column":4},"end":{"line":627,"column":79}},"287":{"start":{"line":629,"column":2},"end":{"line":638,"column":3}},"288":{"start":{"line":630,"column":21},"end":{"line":630,"column":97}},"289":{"start":{"line":631,"column":4},"end":{"line":633,"column":5}},"290":{"start":{"line":632,"column":6},"end":{"line":632,"column":81}},"291":{"start":{"line":634,"column":4},"end":{"line":634,"column":64}},"292":{"start":{"line":636,"column":4},"end":{"line":636,"column":54}},"293":{"start":{"line":637,"column":4},"end":{"line":637,"column":86}},"294":{"start":{"line":642,"column":0},"end":{"line":651,"column":3}},"295":{"start":{"line":643,"column":2},"end":{"line":650,"column":3}},"296":{"start":{"line":644,"column":19},"end":{"line":644,"column":92}},"297":{"start":{"line":645,"column":4},"end":{"line":645,"column":40}},"298":{"start":{"line":646,"column":4},"end":{"line":646,"column":44}},"299":{"start":{"line":648,"column":4},"end":{"line":648,"column":48}},"300":{"start":{"line":649,"column":4},"end":{"line":649,"column":79}},"301":{"start":{"line":654,"column":0},"end":{"line":670,"column":3}},"302":{"start":{"line":655,"column":17},"end":{"line":655,"column":27}},"303":{"start":{"line":656,"column":26},"end":{"line":656,"column":34}},"304":{"start":{"line":657,"column":2},"end":{"line":669,"column":3}},"305":{"start":{"line":658,"column":21},"end":{"line":661,"column":5}},"306":{"start":{"line":662,"column":4},"end":{"line":664,"column":5}},"307":{"start":{"line":663,"column":6},"end":{"line":663,"column":81}},"308":{"start":{"line":665,"column":4},"end":{"line":665,"column":32}},"309":{"start":{"line":667,"column":4},"end":{"line":667,"column":47}},"310":{"start":{"line":668,"column":4},"end":{"line":668,"column":79}},"311":{"start":{"line":673,"column":0},"end":{"line":687,"column":3}},"312":{"start":{"line":674,"column":17},"end":{"line":674,"column":27}},"313":{"start":{"line":675,"column":2},"end":{"line":686,"column":3}},"314":{"start":{"line":677,"column":4},"end":{"line":677,"column":68}},"315":{"start":{"line":678,"column":21},"end":{"line":678,"column":79}},"316":{"start":{"line":679,"column":4},"end":{"line":681,"column":5}},"317":{"start":{"line":680,"column":6},"end":{"line":680,"column":81}},"318":{"start":{"line":682,"column":4},"end":{"line":682,"column":32}},"319":{"start":{"line":684,"column":4},"end":{"line":684,"column":47}},"320":{"start":{"line":685,"column":4},"end":{"line":685,"column":79}},"321":{"start":{"line":690,"column":0},"end":{"line":710,"column":3}},"322":{"start":{"line":691,"column":2},"end":{"line":709,"column":3}},"323":{"start":{"line":692,"column":19},"end":{"line":703,"column":6}},"324":{"start":{"line":704,"column":4},"end":{"line":704,"column":40}},"325":{"start":{"line":705,"column":4},"end":{"line":705,"column":44}},"326":{"start":{"line":707,"column":4},"end":{"line":707,"column":48}},"327":{"start":{"line":708,"column":4},"end":{"line":708,"column":79}},"328":{"start":{"line":713,"column":0},"end":{"line":734,"column":3}},"329":{"start":{"line":714,"column":55},"end":{"line":714,"column":63}},"330":{"start":{"line":715,"column":24},"end":{"line":715,"column":49}},"331":{"start":{"line":716,"column":2},"end":{"line":733,"column":3}},"332":{"start":{"line":718,"column":25},"end":{"line":721,"column":5}},"333":{"start":{"line":722,"column":19},"end":{"line":722,"column":38}},"334":{"start":{"line":725,"column":4},"end":{"line":728,"column":6}},"335":{"start":{"line":729,"column":4},"end":{"line":729,"column":32}},"336":{"start":{"line":731,"column":4},"end":{"line":731,"column":46}},"337":{"start":{"line":732,"column":4},"end":{"line":732,"column":77}},"338":{"start":{"line":737,"column":0},"end":{"line":763,"column":3}},"339":{"start":{"line":738,"column":17},"end":{"line":738,"column":27}},"340":{"start":{"line":739,"column":64},"end":{"line":739,"column":72}},"341":{"start":{"line":740,"column":2},"end":{"line":762,"column":3}},"342":{"start":{"line":742,"column":25},"end":{"line":745,"column":5}},"343":{"start":{"line":746,"column":4},"end":{"line":748,"column":5}},"344":{"start":{"line":747,"column":6},"end":{"line":747,"column":81}},"345":{"start":{"line":751,"column":26},"end":{"line":754,"column":5}},"346":{"start":{"line":755,"column":4},"end":{"line":757,"column":5}},"347":{"start":{"line":756,"column":6},"end":{"line":756,"column":82}},"348":{"start":{"line":758,"column":4},"end":{"line":758,"column":32}},"349":{"start":{"line":760,"column":4},"end":{"line":760,"column":48}},"350":{"start":{"line":761,"column":4},"end":{"line":761,"column":80}},"351":{"start":{"line":766,"column":0},"end":{"line":789,"column":3}},"352":{"start":{"line":767,"column":17},"end":{"line":767,"column":27}},"353":{"start":{"line":768,"column":2},"end":{"line":788,"column":3}},"354":{"start":{"line":770,"column":24},"end":{"line":770,"column":90}},"355":{"start":{"line":771,"column":4},"end":{"line":773,"column":5}},"356":{"start":{"line":772,"column":6},"end":{"line":772,"column":82}},"357":{"start":{"line":774,"column":19},"end":{"line":774,"column":39}},"358":{"start":{"line":777,"column":26},"end":{"line":777,"column":84}},"359":{"start":{"line":778,"column":4},"end":{"line":780,"column":5}},"360":{"start":{"line":779,"column":6},"end":{"line":779,"column":82}},"361":{"start":{"line":783,"column":4},"end":{"line":783,"column":67}},"362":{"start":{"line":784,"column":4},"end":{"line":784,"column":32}},"363":{"start":{"line":786,"column":4},"end":{"line":786,"column":48}},"364":{"start":{"line":787,"column":4},"end":{"line":787,"column":80}},"365":{"start":{"line":792,"column":0},"end":{"line":800,"column":3}},"366":{"start":{"line":793,"column":2},"end":{"line":799,"column":3}},"367":{"start":{"line":794,"column":19},"end":{"line":794,"column":108}},"368":{"start":{"line":795,"column":4},"end":{"line":795,"column":19}},"369":{"start":{"line":797,"column":4},"end":{"line":797,"column":48}},"370":{"start":{"line":798,"column":4},"end":{"line":798,"column":82}},"371":{"start":{"line":803,"column":0},"end":{"line":815,"column":3}},"372":{"start":{"line":804,"column":17},"end":{"line":804,"column":27}},"373":{"start":{"line":805,"column":2},"end":{"line":814,"column":3}},"374":{"start":{"line":806,"column":19},"end":{"line":806,"column":127}},"375":{"start":{"line":807,"column":4},"end":{"line":809,"column":5}},"376":{"start":{"line":808,"column":6},"end":{"line":808,"column":81}},"377":{"start":{"line":810,"column":4},"end":{"line":810,"column":22}},"378":{"start":{"line":812,"column":4},"end":{"line":812,"column":47}},"379":{"start":{"line":813,"column":4},"end":{"line":813,"column":81}},"380":{"start":{"line":818,"column":0},"end":{"line":837,"column":3}},"381":{"start":{"line":819,"column":52},"end":{"line":819,"column":60}},"382":{"start":{"line":820,"column":2},"end":{"line":822,"column":3}},"383":{"start":{"line":821,"column":4},"end":{"line":821,"column":88}},"384":{"start":{"line":823,"column":2},"end":{"line":836,"column":3}},"385":{"start":{"line":824,"column":23},"end":{"line":824,"column":102}},"386":{"start":{"line":825,"column":4},"end":{"line":827,"column":5}},"387":{"start":{"line":826,"column":6},"end":{"line":826,"column":93}},"388":{"start":{"line":828,"column":21},"end":{"line":831,"column":5}},"389":{"start":{"line":832,"column":4},"end":{"line":832,"column":65}},"390":{"start":{"line":834,"column":4},"end":{"line":834,"column":45}},"391":{"start":{"line":835,"column":4},"end":{"line":835,"column":79}},"392":{"start":{"line":840,"column":0},"end":{"line":859,"column":3}},"393":{"start":{"line":841,"column":17},"end":{"line":841,"column":27}},"394":{"start":{"line":842,"column":39},"end":{"line":842,"column":47}},"395":{"start":{"line":843,"column":2},"end":{"line":845,"column":3}},"396":{"start":{"line":844,"column":4},"end":{"line":844,"column":88}},"397":{"start":{"line":846,"column":2},"end":{"line":858,"column":3}},"398":{"start":{"line":847,"column":21},"end":{"line":850,"column":5}},"399":{"start":{"line":851,"column":4},"end":{"line":853,"column":5}},"400":{"start":{"line":852,"column":6},"end":{"line":852,"column":81}},"401":{"start":{"line":854,"column":4},"end":{"line":854,"column":70}},"402":{"start":{"line":856,"column":4},"end":{"line":856,"column":47}},"403":{"start":{"line":857,"column":4},"end":{"line":857,"column":79}},"404":{"start":{"line":862,"column":0},"end":{"line":874,"column":3}},"405":{"start":{"line":863,"column":17},"end":{"line":863,"column":27}},"406":{"start":{"line":864,"column":2},"end":{"line":873,"column":3}},"407":{"start":{"line":865,"column":21},"end":{"line":865,"column":79}},"408":{"start":{"line":866,"column":4},"end":{"line":868,"column":5}},"409":{"start":{"line":867,"column":6},"end":{"line":867,"column":81}},"410":{"start":{"line":869,"column":4},"end":{"line":869,"column":70}},"411":{"start":{"line":871,"column":4},"end":{"line":871,"column":47}},"412":{"start":{"line":872,"column":4},"end":{"line":872,"column":79}},"413":{"start":{"line":876,"column":0},"end":{"line":903,"column":3}},"414":{"start":{"line":877,"column":2},"end":{"line":902,"column":3}},"415":{"start":{"line":878,"column":19},"end":{"line":892,"column":6}},"416":{"start":{"line":893,"column":4},"end":{"line":893,"column":50}},"417":{"start":{"line":894,"column":4},"end":{"line":897,"column":5}},"418":{"start":{"line":895,"column":6},"end":{"line":895,"column":52}},"419":{"start":{"line":896,"column":6},"end":{"line":896,"column":85}},"420":{"start":{"line":898,"column":4},"end":{"line":898,"column":44}},"421":{"start":{"line":900,"column":4},"end":{"line":900,"column":77}},"422":{"start":{"line":901,"column":4},"end":{"line":901,"column":109}},"423":{"start":{"line":905,"column":0},"end":{"line":925,"column":3}},"424":{"start":{"line":906,"column":47},"end":{"line":906,"column":55}},"425":{"start":{"line":908,"column":2},"end":{"line":910,"column":3}},"426":{"start":{"line":909,"column":6},"end":{"line":909,"column":130}},"427":{"start":{"line":911,"column":21},"end":{"line":911,"column":47}},"428":{"start":{"line":912,"column":2},"end":{"line":924,"column":3}},"429":{"start":{"line":913,"column":25},"end":{"line":917,"column":7}},"430":{"start":{"line":920,"column":6},"end":{"line":920,"column":102}},"431":{"start":{"line":922,"column":6},"end":{"line":922,"column":65}},"432":{"start":{"line":923,"column":6},"end":{"line":923,"column":72}},"433":{"start":{"line":928,"column":0},"end":{"line":930,"column":3}},"434":{"start":{"line":929,"column":2},"end":{"line":929,"column":58}},"435":{"start":{"line":933,"column":0},"end":{"line":933,"column":32}}},"fnMap":{"0":{"name":"connectDB","decl":{"start":{"line":28,"column":15},"end":{"line":28,"column":24}},"loc":{"start":{"line":28,"column":27},"end":{"line":37,"column":3}},"line":28},"1":{"name":"(anonymous_1)","decl":{"start":{"line":42,"column":18},"end":{"line":42,"column":19}},"loc":{"start":{"line":42,"column":32},"end":{"line":44,"column":1}},"line":42},"2":{"name":"(anonymous_2)","decl":{"start":{"line":47,"column":36},"end":{"line":47,"column":37}},"loc":{"start":{"line":47,"column":56},"end":{"line":63,"column":1}},"line":47},"3":{"name":"(anonymous_3)","decl":{"start":{"line":64,"column":46},"end":{"line":64,"column":47}},"loc":{"start":{"line":64,"column":66},"end":{"line":80,"column":1}},"line":64},"4":{"name":"(anonymous_4)","decl":{"start":{"line":83,"column":20},"end":{"line":83,"column":21}},"loc":{"start":{"line":83,"column":28},"end":{"line":87,"column":1}},"line":83},"5":{"name":"(anonymous_5)","decl":{"start":{"line":84,"column":33},"end":{"line":84,"column":34}},"loc":{"start":{"line":84,"column":47},"end":{"line":86,"column":3}},"line":84},"6":{"name":"(anonymous_6)","decl":{"start":{"line":89,"column":31},"end":{"line":89,"column":32}},"loc":{"start":{"line":89,"column":45},"end":{"line":97,"column":1}},"line":89},"7":{"name":"(anonymous_7)","decl":{"start":{"line":99,"column":31},"end":{"line":99,"column":32}},"loc":{"start":{"line":99,"column":51},"end":{"line":133,"column":1}},"line":99},"8":{"name":"(anonymous_8)","decl":{"start":{"line":136,"column":22},"end":{"line":136,"column":23}},"loc":{"start":{"line":136,"column":42},"end":{"line":154,"column":1}},"line":136},"9":{"name":"(anonymous_9)","decl":{"start":{"line":156,"column":37},"end":{"line":156,"column":38}},"loc":{"start":{"line":156,"column":57},"end":{"line":179,"column":1}},"line":156},"10":{"name":"(anonymous_10)","decl":{"start":{"line":181,"column":47},"end":{"line":181,"column":48}},"loc":{"start":{"line":181,"column":67},"end":{"line":191,"column":1}},"line":181},"11":{"name":"(anonymous_11)","decl":{"start":{"line":195,"column":26},"end":{"line":195,"column":27}},"loc":{"start":{"line":195,"column":46},"end":{"line":222,"column":1}},"line":195},"12":{"name":"(anonymous_12)","decl":{"start":{"line":224,"column":29},"end":{"line":224,"column":30}},"loc":{"start":{"line":224,"column":49},"end":{"line":244,"column":1}},"line":224},"13":{"name":"(anonymous_13)","decl":{"start":{"line":247,"column":29},"end":{"line":247,"column":30}},"loc":{"start":{"line":247,"column":49},"end":{"line":296,"column":1}},"line":247},"14":{"name":"(anonymous_14)","decl":{"start":{"line":299,"column":25},"end":{"line":299,"column":26}},"loc":{"start":{"line":299,"column":45},"end":{"line":328,"column":1}},"line":299},"15":{"name":"(anonymous_15)","decl":{"start":{"line":332,"column":37},"end":{"line":332,"column":38}},"loc":{"start":{"line":332,"column":57},"end":{"line":347,"column":1}},"line":332},"16":{"name":"(anonymous_16)","decl":{"start":{"line":350,"column":39},"end":{"line":350,"column":40}},"loc":{"start":{"line":350,"column":59},"end":{"line":365,"column":1}},"line":350},"17":{"name":"(anonymous_17)","decl":{"start":{"line":368,"column":38},"end":{"line":368,"column":39}},"loc":{"start":{"line":368,"column":58},"end":{"line":383,"column":1}},"line":368},"18":{"name":"(anonymous_18)","decl":{"start":{"line":386,"column":26},"end":{"line":386,"column":27}},"loc":{"start":{"line":386,"column":46},"end":{"line":407,"column":1}},"line":386},"19":{"name":"(anonymous_19)","decl":{"start":{"line":410,"column":36},"end":{"line":410,"column":37}},"loc":{"start":{"line":410,"column":56},"end":{"line":425,"column":1}},"line":410},"20":{"name":"(anonymous_20)","decl":{"start":{"line":428,"column":38},"end":{"line":428,"column":39}},"loc":{"start":{"line":428,"column":58},"end":{"line":446,"column":1}},"line":428},"21":{"name":"(anonymous_21)","decl":{"start":{"line":449,"column":19},"end":{"line":449,"column":20}},"loc":{"start":{"line":449,"column":39},"end":{"line":487,"column":1}},"line":449},"22":{"name":"(anonymous_22)","decl":{"start":{"line":490,"column":22},"end":{"line":490,"column":23}},"loc":{"start":{"line":490,"column":42},"end":{"line":507,"column":1}},"line":490},"23":{"name":"(anonymous_23)","decl":{"start":{"line":509,"column":25},"end":{"line":509,"column":26}},"loc":{"start":{"line":509,"column":45},"end":{"line":526,"column":1}},"line":509},"24":{"name":"(anonymous_24)","decl":{"start":{"line":529,"column":23},"end":{"line":529,"column":24}},"loc":{"start":{"line":529,"column":43},"end":{"line":589,"column":1}},"line":529},"25":{"name":"(anonymous_25)","decl":{"start":{"line":591,"column":26},"end":{"line":591,"column":27}},"loc":{"start":{"line":591,"column":46},"end":{"line":599,"column":1}},"line":591},"26":{"name":"(anonymous_26)","decl":{"start":{"line":601,"column":32},"end":{"line":601,"column":33}},"loc":{"start":{"line":601,"column":52},"end":{"line":621,"column":1}},"line":601},"27":{"name":"(anonymous_27)","decl":{"start":{"line":623,"column":35},"end":{"line":623,"column":36}},"loc":{"start":{"line":623,"column":55},"end":{"line":639,"column":1}},"line":623},"28":{"name":"(anonymous_28)","decl":{"start":{"line":642,"column":22},"end":{"line":642,"column":23}},"loc":{"start":{"line":642,"column":42},"end":{"line":651,"column":1}},"line":642},"29":{"name":"(anonymous_29)","decl":{"start":{"line":654,"column":26},"end":{"line":654,"column":27}},"loc":{"start":{"line":654,"column":46},"end":{"line":670,"column":1}},"line":654},"30":{"name":"(anonymous_30)","decl":{"start":{"line":673,"column":29},"end":{"line":673,"column":30}},"loc":{"start":{"line":673,"column":49},"end":{"line":687,"column":1}},"line":673},"31":{"name":"(anonymous_31)","decl":{"start":{"line":690,"column":22},"end":{"line":690,"column":23}},"loc":{"start":{"line":690,"column":42},"end":{"line":710,"column":1}},"line":690},"32":{"name":"(anonymous_32)","decl":{"start":{"line":713,"column":23},"end":{"line":713,"column":24}},"loc":{"start":{"line":713,"column":43},"end":{"line":734,"column":1}},"line":713},"33":{"name":"(anonymous_33)","decl":{"start":{"line":737,"column":26},"end":{"line":737,"column":27}},"loc":{"start":{"line":737,"column":46},"end":{"line":763,"column":1}},"line":737},"34":{"name":"(anonymous_34)","decl":{"start":{"line":766,"column":29},"end":{"line":766,"column":30}},"loc":{"start":{"line":766,"column":49},"end":{"line":789,"column":1}},"line":766},"35":{"name":"(anonymous_35)","decl":{"start":{"line":792,"column":27},"end":{"line":792,"column":28}},"loc":{"start":{"line":792,"column":47},"end":{"line":800,"column":1}},"line":792},"36":{"name":"(anonymous_36)","decl":{"start":{"line":803,"column":33},"end":{"line":803,"column":34}},"loc":{"start":{"line":803,"column":53},"end":{"line":815,"column":1}},"line":803},"37":{"name":"(anonymous_37)","decl":{"start":{"line":818,"column":29},"end":{"line":818,"column":30}},"loc":{"start":{"line":818,"column":49},"end":{"line":837,"column":1}},"line":818},"38":{"name":"(anonymous_38)","decl":{"start":{"line":840,"column":32},"end":{"line":840,"column":33}},"loc":{"start":{"line":840,"column":52},"end":{"line":859,"column":1}},"line":840},"39":{"name":"(anonymous_39)","decl":{"start":{"line":862,"column":35},"end":{"line":862,"column":36}},"loc":{"start":{"line":862,"column":55},"end":{"line":874,"column":1}},"line":862},"40":{"name":"(anonymous_40)","decl":{"start":{"line":876,"column":32},"end":{"line":876,"column":33}},"loc":{"start":{"line":876,"column":52},"end":{"line":903,"column":1}},"line":876},"41":{"name":"(anonymous_41)","decl":{"start":{"line":905,"column":35},"end":{"line":905,"column":36}},"loc":{"start":{"line":905,"column":55},"end":{"line":925,"column":1}},"line":905},"42":{"name":"(anonymous_42)","decl":{"start":{"line":928,"column":14},"end":{"line":928,"column":15}},"loc":{"start":{"line":928,"column":28},"end":{"line":930,"column":1}},"line":928}},"branchMap":{"0":{"loc":{"start":{"line":92,"column":2},"end":{"line":96,"column":3}},"type":"if","locations":[{"start":{"line":92,"column":2},"end":{"line":96,"column":3}},{"start":{"line":94,"column":9},"end":{"line":96,"column":3}}],"line":92},"1":{"loc":{"start":{"line":103,"column":2},"end":{"line":105,"column":3}},"type":"if","locations":[{"start":{"line":103,"column":2},"end":{"line":105,"column":3}},{"start":{},"end":{}}],"line":103},"2":{"loc":{"start":{"line":103,"column":6},"end":{"line":103,"column":60}},"type":"binary-expr","locations":[{"start":{"line":103,"column":6},"end":{"line":103,"column":14}},{"start":{"line":103,"column":18},"end":{"line":103,"column":27}},{"start":{"line":103,"column":31},"end":{"line":103,"column":41}},{"start":{"line":103,"column":45},"end":{"line":103,"column":60}}],"line":103},"3":{"loc":{"start":{"line":110,"column":6},"end":{"line":112,"column":7}},"type":"if","locations":[{"start":{"line":110,"column":6},"end":{"line":112,"column":7}},{"start":{},"end":{}}],"line":110},"4":{"loc":{"start":{"line":117,"column":6},"end":{"line":119,"column":7}},"type":"if","locations":[{"start":{"line":117,"column":6},"end":{"line":119,"column":7}},{"start":{},"end":{}}],"line":117},"5":{"loc":{"start":{"line":185,"column":4},"end":{"line":185,"column":86}},"type":"if","locations":[{"start":{"line":185,"column":4},"end":{"line":185,"column":86}},{"start":{},"end":{}}],"line":185},"6":{"loc":{"start":{"line":200,"column":6},"end":{"line":202,"column":7}},"type":"if","locations":[{"start":{"line":200,"column":6},"end":{"line":202,"column":7}},{"start":{},"end":{}}],"line":200},"7":{"loc":{"start":{"line":235,"column":8},"end":{"line":239,"column":9}},"type":"if","locations":[{"start":{"line":235,"column":8},"end":{"line":239,"column":9}},{"start":{"line":237,"column":15},"end":{"line":239,"column":9}}],"line":235},"8":{"loc":{"start":{"line":252,"column":2},"end":{"line":254,"column":3}},"type":"if","locations":[{"start":{"line":252,"column":2},"end":{"line":254,"column":3}},{"start":{},"end":{}}],"line":252},"9":{"loc":{"start":{"line":252,"column":6},"end":{"line":252,"column":41}},"type":"binary-expr","locations":[{"start":{"line":252,"column":6},"end":{"line":252,"column":14}},{"start":{"line":252,"column":18},"end":{"line":252,"column":27}},{"start":{"line":252,"column":31},"end":{"line":252,"column":41}}],"line":252},"10":{"loc":{"start":{"line":271,"column":6},"end":{"line":274,"column":7}},"type":"if","locations":[{"start":{"line":271,"column":6},"end":{"line":274,"column":7}},{"start":{},"end":{}}],"line":271},"11":{"loc":{"start":{"line":282,"column":6},"end":{"line":288,"column":7}},"type":"if","locations":[{"start":{"line":282,"column":6},"end":{"line":288,"column":7}},{"start":{"line":285,"column":13},"end":{"line":288,"column":7}}],"line":282},"12":{"loc":{"start":{"line":302,"column":2},"end":{"line":304,"column":3}},"type":"if","locations":[{"start":{"line":302,"column":2},"end":{"line":304,"column":3}},{"start":{},"end":{}}],"line":302},"13":{"loc":{"start":{"line":319,"column":4},"end":{"line":321,"column":5}},"type":"if","locations":[{"start":{"line":319,"column":4},"end":{"line":321,"column":5}},{"start":{},"end":{}}],"line":319},"14":{"loc":{"start":{"line":339,"column":4},"end":{"line":341,"column":5}},"type":"if","locations":[{"start":{"line":339,"column":4},"end":{"line":341,"column":5}},{"start":{},"end":{}}],"line":339},"15":{"loc":{"start":{"line":357,"column":4},"end":{"line":359,"column":5}},"type":"if","locations":[{"start":{"line":357,"column":4},"end":{"line":359,"column":5}},{"start":{},"end":{}}],"line":357},"16":{"loc":{"start":{"line":375,"column":4},"end":{"line":377,"column":5}},"type":"if","locations":[{"start":{"line":375,"column":4},"end":{"line":377,"column":5}},{"start":{},"end":{}}],"line":375},"17":{"loc":{"start":{"line":393,"column":4},"end":{"line":395,"column":5}},"type":"if","locations":[{"start":{"line":393,"column":4},"end":{"line":395,"column":5}},{"start":{},"end":{}}],"line":393},"18":{"loc":{"start":{"line":417,"column":4},"end":{"line":419,"column":5}},"type":"if","locations":[{"start":{"line":417,"column":4},"end":{"line":419,"column":5}},{"start":{},"end":{}}],"line":417},"19":{"loc":{"start":{"line":453,"column":4},"end":{"line":455,"column":5}},"type":"if","locations":[{"start":{"line":453,"column":4},"end":{"line":455,"column":5}},{"start":{},"end":{}}],"line":453},"20":{"loc":{"start":{"line":460,"column":4},"end":{"line":465,"column":5}},"type":"if","locations":[{"start":{"line":460,"column":4},"end":{"line":465,"column":5}},{"start":{"line":462,"column":11},"end":{"line":465,"column":5}}],"line":460},"21":{"loc":{"start":{"line":467,"column":4},"end":{"line":469,"column":5}},"type":"if","locations":[{"start":{"line":467,"column":4},"end":{"line":469,"column":5}},{"start":{},"end":{}}],"line":467},"22":{"loc":{"start":{"line":473,"column":4},"end":{"line":481,"column":5}},"type":"if","locations":[{"start":{"line":473,"column":4},"end":{"line":481,"column":5}},{"start":{"line":476,"column":9},"end":{"line":481,"column":5}}],"line":473},"23":{"loc":{"start":{"line":476,"column":9},"end":{"line":481,"column":5}},"type":"if","locations":[{"start":{"line":476,"column":9},"end":{"line":481,"column":5}},{"start":{"line":479,"column":8},"end":{"line":481,"column":5}}],"line":476},"24":{"loc":{"start":{"line":494,"column":4},"end":{"line":496,"column":5}},"type":"if","locations":[{"start":{"line":494,"column":4},"end":{"line":496,"column":5}},{"start":{},"end":{}}],"line":494},"25":{"loc":{"start":{"line":494,"column":8},"end":{"line":494,"column":40}},"type":"binary-expr","locations":[{"start":{"line":494,"column":8},"end":{"line":494,"column":17}},{"start":{"line":494,"column":21},"end":{"line":494,"column":27}},{"start":{"line":494,"column":31},"end":{"line":494,"column":40}}],"line":494},"26":{"loc":{"start":{"line":504,"column":20},"end":{"line":504,"column":96}},"type":"cond-expr","locations":[{"start":{"line":504,"column":50},"end":{"line":504,"column":72}},{"start":{"line":504,"column":75},"end":{"line":504,"column":96}}],"line":504},"27":{"loc":{"start":{"line":512,"column":2},"end":{"line":514,"column":3}},"type":"if","locations":[{"start":{"line":512,"column":2},"end":{"line":514,"column":3}},{"start":{},"end":{}}],"line":512},"28":{"loc":{"start":{"line":532,"column":2},"end":{"line":534,"column":3}},"type":"if","locations":[{"start":{"line":532,"column":2},"end":{"line":534,"column":3}},{"start":{},"end":{}}],"line":532},"29":{"loc":{"start":{"line":532,"column":6},"end":{"line":532,"column":83}},"type":"binary-expr","locations":[{"start":{"line":532,"column":6},"end":{"line":532,"column":11}},{"start":{"line":532,"column":15},"end":{"line":532,"column":21}},{"start":{"line":532,"column":25},"end":{"line":532,"column":31}},{"start":{"line":532,"column":35},"end":{"line":532,"column":43}},{"start":{"line":532,"column":47},"end":{"line":532,"column":56}},{"start":{"line":532,"column":60},"end":{"line":532,"column":65}},{"start":{"line":532,"column":69},"end":{"line":532,"column":83}}],"line":532},"30":{"loc":{"start":{"line":541,"column":4},"end":{"line":545,"column":5}},"type":"if","locations":[{"start":{"line":541,"column":4},"end":{"line":545,"column":5}},{"start":{"line":543,"column":11},"end":{"line":545,"column":5}}],"line":541},"31":{"loc":{"start":{"line":550,"column":4},"end":{"line":553,"column":5}},"type":"if","locations":[{"start":{"line":550,"column":4},"end":{"line":553,"column":5}},{"start":{},"end":{}}],"line":550},"32":{"loc":{"start":{"line":563,"column":4},"end":{"line":566,"column":5}},"type":"if","locations":[{"start":{"line":563,"column":4},"end":{"line":566,"column":5}},{"start":{},"end":{}}],"line":563},"33":{"loc":{"start":{"line":626,"column":2},"end":{"line":628,"column":3}},"type":"if","locations":[{"start":{"line":626,"column":2},"end":{"line":628,"column":3}},{"start":{},"end":{}}],"line":626},"34":{"loc":{"start":{"line":626,"column":6},"end":{"line":626,"column":60}},"type":"binary-expr","locations":[{"start":{"line":626,"column":6},"end":{"line":626,"column":13}},{"start":{"line":626,"column":17},"end":{"line":626,"column":60}}],"line":626},"35":{"loc":{"start":{"line":631,"column":4},"end":{"line":633,"column":5}},"type":"if","locations":[{"start":{"line":631,"column":4},"end":{"line":633,"column":5}},{"start":{},"end":{}}],"line":631},"36":{"loc":{"start":{"line":662,"column":4},"end":{"line":664,"column":5}},"type":"if","locations":[{"start":{"line":662,"column":4},"end":{"line":664,"column":5}},{"start":{},"end":{}}],"line":662},"37":{"loc":{"start":{"line":679,"column":4},"end":{"line":681,"column":5}},"type":"if","locations":[{"start":{"line":679,"column":4},"end":{"line":681,"column":5}},{"start":{},"end":{}}],"line":679},"38":{"loc":{"start":{"line":746,"column":4},"end":{"line":748,"column":5}},"type":"if","locations":[{"start":{"line":746,"column":4},"end":{"line":748,"column":5}},{"start":{},"end":{}}],"line":746},"39":{"loc":{"start":{"line":755,"column":4},"end":{"line":757,"column":5}},"type":"if","locations":[{"start":{"line":755,"column":4},"end":{"line":757,"column":5}},{"start":{},"end":{}}],"line":755},"40":{"loc":{"start":{"line":771,"column":4},"end":{"line":773,"column":5}},"type":"if","locations":[{"start":{"line":771,"column":4},"end":{"line":773,"column":5}},{"start":{},"end":{}}],"line":771},"41":{"loc":{"start":{"line":778,"column":4},"end":{"line":780,"column":5}},"type":"if","locations":[{"start":{"line":778,"column":4},"end":{"line":780,"column":5}},{"start":{},"end":{}}],"line":778},"42":{"loc":{"start":{"line":807,"column":4},"end":{"line":809,"column":5}},"type":"if","locations":[{"start":{"line":807,"column":4},"end":{"line":809,"column":5}},{"start":{},"end":{}}],"line":807},"43":{"loc":{"start":{"line":820,"column":2},"end":{"line":822,"column":3}},"type":"if","locations":[{"start":{"line":820,"column":2},"end":{"line":822,"column":3}},{"start":{},"end":{}}],"line":820},"44":{"loc":{"start":{"line":820,"column":6},"end":{"line":820,"column":53}},"type":"binary-expr","locations":[{"start":{"line":820,"column":6},"end":{"line":820,"column":18}},{"start":{"line":820,"column":22},"end":{"line":820,"column":27}},{"start":{"line":820,"column":31},"end":{"line":820,"column":37}},{"start":{"line":820,"column":41},"end":{"line":820,"column":53}}],"line":820},"45":{"loc":{"start":{"line":825,"column":4},"end":{"line":827,"column":5}},"type":"if","locations":[{"start":{"line":825,"column":4},"end":{"line":827,"column":5}},{"start":{},"end":{}}],"line":825},"46":{"loc":{"start":{"line":843,"column":2},"end":{"line":845,"column":3}},"type":"if","locations":[{"start":{"line":843,"column":2},"end":{"line":845,"column":3}},{"start":{},"end":{}}],"line":843},"47":{"loc":{"start":{"line":843,"column":6},"end":{"line":843,"column":37}},"type":"binary-expr","locations":[{"start":{"line":843,"column":6},"end":{"line":843,"column":11}},{"start":{"line":843,"column":15},"end":{"line":843,"column":21}},{"start":{"line":843,"column":25},"end":{"line":843,"column":37}}],"line":843},"48":{"loc":{"start":{"line":851,"column":4},"end":{"line":853,"column":5}},"type":"if","locations":[{"start":{"line":851,"column":4},"end":{"line":853,"column":5}},{"start":{},"end":{}}],"line":851},"49":{"loc":{"start":{"line":866,"column":4},"end":{"line":868,"column":5}},"type":"if","locations":[{"start":{"line":866,"column":4},"end":{"line":868,"column":5}},{"start":{},"end":{}}],"line":866},"50":{"loc":{"start":{"line":894,"column":4},"end":{"line":897,"column":5}},"type":"if","locations":[{"start":{"line":894,"column":4},"end":{"line":897,"column":5}},{"start":{},"end":{}}],"line":894},"51":{"loc":{"start":{"line":908,"column":2},"end":{"line":910,"column":3}},"type":"if","locations":[{"start":{"line":908,"column":2},"end":{"line":910,"column":3}},{"start":{},"end":{}}],"line":908},"52":{"loc":{"start":{"line":908,"column":6},"end":{"line":908,"column":48}},"type":"binary-expr","locations":[{"start":{"line":908,"column":6},"end":{"line":908,"column":13}},{"start":{"line":908,"column":17},"end":{"line":908,"column":27}},{"start":{"line":908,"column":31},"end":{"line":908,"column":36}},{"start":{"line":908,"column":40},"end":{"line":908,"column":48}}],"line":908}},"s":{"0":1,"1":1,"2":1,"3":1,"4":1,"5":1,"6":1,"7":1,"8":1,"9":1,"10":1,"11":1,"12":1,"13":0,"14":0,"15":0,"16":0,"17":0,"18":0,"19":1,"20":1,"21":0,"22":1,"23":2,"24":2,"25":2,"26":2,"27":0,"28":0,"29":1,"30":1,"31":1,"32":1,"33":1,"34":1,"35":0,"36":0,"37":1,"38":1,"39":11,"40":0,"41":1,"42":0,"43":0,"44":0,"45":0,"46":0,"47":1,"48":2,"49":2,"50":2,"51":0,"52":2,"53":2,"54":2,"55":0,"56":2,"57":2,"58":2,"59":0,"60":2,"61":2,"62":2,"63":0,"64":0,"65":1,"66":1,"67":1,"68":1,"69":0,"70":0,"71":1,"72":1,"73":1,"74":1,"75":0,"76":0,"77":1,"78":1,"79":1,"80":1,"81":1,"82":0,"83":1,"84":0,"85":0,"86":1,"87":1,"88":1,"89":1,"90":1,"91":0,"92":1,"93":1,"94":0,"95":0,"96":1,"97":2,"98":2,"99":2,"100":2,"101":2,"102":2,"103":1,"104":1,"105":0,"106":0,"107":1,"108":2,"109":2,"110":2,"111":0,"112":2,"113":2,"114":2,"115":2,"116":2,"117":1,"118":1,"119":1,"120":1,"121":1,"122":1,"123":0,"124":0,"125":0,"126":0,"127":0,"128":2,"129":1,"130":0,"131":0,"132":0,"133":0,"134":0,"135":0,"136":0,"137":0,"138":0,"139":0,"140":1,"141":2,"142":2,"143":2,"144":2,"145":0,"146":2,"147":0,"148":0,"149":1,"150":1,"151":1,"152":1,"153":1,"154":0,"155":1,"156":0,"157":0,"158":1,"159":1,"160":1,"161":1,"162":1,"163":0,"164":1,"165":0,"166":0,"167":1,"168":2,"169":2,"170":2,"171":2,"172":0,"173":2,"174":2,"175":2,"176":0,"177":0,"178":1,"179":2,"180":2,"181":2,"182":2,"183":0,"184":2,"185":0,"186":0,"187":1,"188":0,"189":0,"190":0,"191":0,"192":0,"193":0,"194":1,"195":2,"196":2,"197":2,"198":2,"199":0,"200":2,"201":2,"202":2,"203":2,"204":0,"205":2,"206":0,"207":2,"208":2,"209":2,"210":0,"211":2,"212":0,"213":2,"214":2,"215":0,"216":0,"217":1,"218":2,"219":2,"220":2,"221":2,"222":0,"223":2,"224":2,"225":0,"226":0,"227":0,"228":1,"229":0,"230":0,"231":0,"232":0,"233":0,"234":0,"235":0,"236":0,"237":1,"238":4,"239":4,"240":0,"241":4,"242":4,"243":4,"244":4,"245":4,"246":0,"247":4,"248":4,"249":4,"250":2,"251":2,"252":2,"253":2,"254":2,"255":0,"256":0,"257":2,"258":2,"259":2,"260":2,"261":2,"262":2,"263":2,"264":2,"265":0,"266":0,"267":0,"268":4,"269":1,"270":0,"271":0,"272":0,"273":0,"274":0,"275":1,"276":1,"277":1,"278":1,"279":1,"280":0,"281":0,"282":1,"283":4,"284":4,"285":4,"286":2,"287":2,"288":2,"289":2,"290":0,"291":2,"292":0,"293":0,"294":1,"295":2,"296":2,"297":2,"298":2,"299":0,"300":0,"301":1,"302":2,"303":2,"304":2,"305":2,"306":2,"307":0,"308":2,"309":0,"310":0,"311":1,"312":0,"313":0,"314":0,"315":0,"316":0,"317":0,"318":0,"319":0,"320":0,"321":1,"322":2,"323":2,"324":2,"325":2,"326":0,"327":0,"328":1,"329":2,"330":2,"331":2,"332":2,"333":2,"334":2,"335":2,"336":0,"337":0,"338":1,"339":0,"340":0,"341":0,"342":0,"343":0,"344":0,"345":0,"346":0,"347":0,"348":0,"349":0,"350":0,"351":1,"352":0,"353":0,"354":0,"355":0,"356":0,"357":0,"358":0,"359":0,"360":0,"361":0,"362":0,"363":0,"364":0,"365":1,"366":0,"367":0,"368":0,"369":0,"370":0,"371":1,"372":1,"373":1,"374":1,"375":1,"376":0,"377":1,"378":0,"379":0,"380":1,"381":1,"382":1,"383":0,"384":1,"385":1,"386":1,"387":0,"388":1,"389":1,"390":0,"391":0,"392":1,"393":1,"394":1,"395":1,"396":0,"397":1,"398":1,"399":1,"400":0,"401":1,"402":0,"403":0,"404":1,"405":1,"406":1,"407":1,"408":1,"409":0,"410":1,"411":0,"412":0,"413":1,"414":1,"415":1,"416":1,"417":1,"418":0,"419":0,"420":1,"421":0,"422":0,"423":1,"424":2,"425":2,"426":0,"427":2,"428":2,"429":2,"430":2,"431":0,"432":0,"433":1,"434":0,"435":1},"f":{"0":0,"1":0,"2":2,"3":1,"4":11,"5":0,"6":0,"7":2,"8":1,"9":1,"10":1,"11":1,"12":2,"13":2,"14":0,"15":2,"16":1,"17":1,"18":2,"19":2,"20":0,"21":2,"22":2,"23":0,"24":4,"25":0,"26":1,"27":4,"28":2,"29":2,"30":0,"31":2,"32":2,"33":0,"34":0,"35":0,"36":1,"37":1,"38":1,"39":1,"40":1,"41":2,"42":0},"b":{"0":[0,0],"1":[0,2],"2":[2,2,2,2],"3":[0,2],"4":[0,2],"5":[0,1],"6":[0,1],"7":[1,1],"8":[0,2],"9":[2,2,2],"10":[1,1],"11":[1,0],"12":[0,0],"13":[0,0],"14":[0,2],"15":[0,1],"16":[0,1],"17":[0,2],"18":[0,2],"19":[0,2],"20":[2,0],"21":[0,2],"22":[0,2],"23":[0,2],"24":[0,2],"25":[2,2,2],"26":[0,0],"27":[0,0],"28":[0,4],"29":[4,4,4,4,4,4,4],"30":[0,4],"31":[2,2],"32":[0,2],"33":[2,2],"34":[4,4],"35":[0,2],"36":[0,2],"37":[0,0],"38":[0,0],"39":[0,0],"40":[0,0],"41":[0,0],"42":[0,1],"43":[0,1],"44":[1,1,1,1],"45":[0,1],"46":[0,1],"47":[1,1,1],"48":[0,1],"49":[0,1],"50":[0,1],"51":[0,2],"52":[2,2,2,2]},"_coverageSchema":"1a1c01bbd47fc00a2c39e90264f33305004495a9","hash":"ba50528aebf3cb21901e5b78df16ef9399dffe03"}
}
