TN:
SF:Server.js
FN:28,connectDB
FN:42,(anonymous_1)
FN:47,(anonymous_2)
FN:64,(anonymous_3)
FN:83,(anonymous_4)
FN:84,(anonymous_5)
FN:89,(anonymous_6)
FN:99,(anonymous_7)
FN:136,(anonymous_8)
FN:156,(anonymous_9)
FN:181,(anonymous_10)
FN:195,(anonymous_11)
FN:224,(anonymous_12)
FN:247,(anonymous_13)
FN:299,(anonymous_14)
FN:332,(anonymous_15)
FN:350,(anonymous_16)
FN:368,(anonymous_17)
FN:386,(anonymous_18)
FN:410,(anonymous_19)
FN:428,(anonymous_20)
FN:449,(anonymous_21)
FN:490,(anonymous_22)
FN:509,(anonymous_23)
FN:529,(anonymous_24)
FN:591,(anonymous_25)
FN:601,(anonymous_26)
FN:623,(anonymous_27)
FN:642,(anonymous_28)
FN:654,(anonymous_29)
FN:673,(anonymous_30)
FN:690,(anonymous_31)
FN:713,(anonymous_32)
FN:737,(anonymous_33)
FN:766,(anonymous_34)
FN:792,(anonymous_35)
FN:803,(anonymous_36)
FN:818,(anonymous_37)
FN:840,(anonymous_38)
FN:862,(anonymous_39)
FN:876,(anonymous_40)
FN:905,(anonymous_41)
FN:928,(anonymous_42)
FNF:43
FNH:30
FNDA:0,connectDB
FNDA:0,(anonymous_1)
FNDA:2,(anonymous_2)
FNDA:1,(anonymous_3)
FNDA:11,(anonymous_4)
FNDA:0,(anonymous_5)
FNDA:0,(anonymous_6)
FNDA:2,(anonymous_7)
FNDA:1,(anonymous_8)
FNDA:1,(anonymous_9)
FNDA:1,(anonymous_10)
FNDA:1,(anonymous_11)
FNDA:2,(anonymous_12)
FNDA:2,(anonymous_13)
FNDA:0,(anonymous_14)
FNDA:2,(anonymous_15)
FNDA:1,(anonymous_16)
FNDA:1,(anonymous_17)
FNDA:2,(anonymous_18)
FNDA:2,(anonymous_19)
FNDA:0,(anonymous_20)
FNDA:2,(anonymous_21)
FNDA:2,(anonymous_22)
FNDA:0,(anonymous_23)
FNDA:4,(anonymous_24)
FNDA:0,(anonymous_25)
FNDA:1,(anonymous_26)
FNDA:4,(anonymous_27)
FNDA:2,(anonymous_28)
FNDA:2,(anonymous_29)
FNDA:0,(anonymous_30)
FNDA:2,(anonymous_31)
FNDA:2,(anonymous_32)
FNDA:0,(anonymous_33)
FNDA:0,(anonymous_34)
FNDA:0,(anonymous_35)
FNDA:1,(anonymous_36)
FNDA:1,(anonymous_37)
FNDA:1,(anonymous_38)
FNDA:1,(anonymous_39)
FNDA:1,(anonymous_40)
FNDA:2,(anonymous_41)
FNDA:0,(anonymous_42)
DA:1,1
DA:2,1
DA:3,1
DA:4,1
DA:5,1
DA:6,1
DA:7,1
DA:8,1
DA:9,1
DA:10,1
DA:11,1
DA:14,1
DA:25,1
DA:29,0
DA:30,0
DA:31,0
DA:32,0
DA:34,0
DA:35,0
DA:39,1
DA:42,1
DA:43,0
DA:47,1
DA:48,2
DA:49,2
DA:50,2
DA:58,2
DA:60,0
DA:61,0
DA:64,1
DA:65,1
DA:67,1
DA:68,1
DA:69,1
DA:75,1
DA:77,0
DA:78,0
DA:82,1
DA:83,1
DA:84,11
DA:85,0
DA:89,1
DA:90,0
DA:91,0
DA:92,0
DA:93,0
DA:95,0
DA:99,1
DA:100,2
DA:101,2
DA:103,2
DA:104,0
DA:107,2
DA:109,2
DA:110,2
DA:111,0
DA:113,2
DA:116,2
DA:117,2
DA:118,0
DA:120,2
DA:123,2
DA:128,2
DA:130,0
DA:131,0
DA:136,1
DA:137,1
DA:138,1
DA:149,1
DA:151,0
DA:152,0
DA:156,1
DA:157,1
DA:159,1
DA:174,1
DA:176,0
DA:177,0
DA:181,1
DA:182,1
DA:183,1
DA:184,1
DA:185,1
DA:186,1
DA:188,0
DA:189,0
DA:195,1
DA:196,1
DA:197,1
DA:198,1
DA:200,1
DA:201,0
DA:204,1
DA:217,1
DA:219,0
DA:220,0
DA:224,1
DA:225,2
DA:227,2
DA:228,2
DA:229,2
DA:233,2
DA:235,2
DA:236,1
DA:238,1
DA:241,0
DA:242,0
DA:247,1
DA:248,2
DA:249,2
DA:252,2
DA:253,0
DA:256,2
DA:258,2
DA:259,2
DA:262,2
DA:271,2
DA:272,1
DA:273,1
DA:277,1
DA:282,1
DA:283,1
DA:284,1
DA:286,0
DA:287,0
DA:290,0
DA:291,0
DA:292,0
DA:294,2
DA:299,1
DA:300,0
DA:302,0
DA:303,0
DA:306,0
DA:307,0
DA:319,0
DA:320,0
DA:323,0
DA:325,0
DA:326,0
DA:332,1
DA:333,2
DA:334,2
DA:335,2
DA:339,2
DA:340,0
DA:342,2
DA:344,0
DA:345,0
DA:350,1
DA:351,1
DA:352,1
DA:353,1
DA:357,1
DA:358,0
DA:360,1
DA:362,0
DA:363,0
DA:368,1
DA:369,1
DA:370,1
DA:371,1
DA:375,1
DA:376,0
DA:378,1
DA:380,0
DA:381,0
DA:386,1
DA:387,2
DA:388,2
DA:389,2
DA:393,2
DA:394,0
DA:396,2
DA:398,2
DA:402,2
DA:404,0
DA:405,0
DA:410,1
DA:411,2
DA:412,2
DA:413,2
DA:417,2
DA:418,0
DA:420,2
DA:422,0
DA:423,0
DA:428,1
DA:429,0
DA:430,0
DA:431,0
DA:441,0
DA:443,0
DA:444,0
DA:449,1
DA:450,2
DA:451,2
DA:452,2
DA:453,2
DA:454,0
DA:456,2
DA:457,2
DA:460,2
DA:461,2
DA:464,0
DA:467,2
DA:468,0
DA:470,2
DA:471,2
DA:473,2
DA:474,0
DA:476,2
DA:477,0
DA:480,2
DA:482,2
DA:484,0
DA:485,0
DA:490,1
DA:491,2
DA:492,2
DA:493,2
DA:494,2
DA:495,0
DA:497,2
DA:501,2
DA:503,0
DA:504,0
DA:505,0
DA:509,1
DA:510,0
DA:512,0
DA:513,0
DA:516,0
DA:517,0
DA:521,0
DA:523,0
DA:524,0
DA:529,1
DA:530,4
DA:532,4
DA:533,0
DA:536,4
DA:537,4
DA:538,4
DA:539,4
DA:541,4
DA:542,0
DA:544,4
DA:546,4
DA:550,4
DA:551,2
DA:552,2
DA:554,2
DA:555,2
DA:563,2
DA:564,0
DA:565,0
DA:567,2
DA:568,2
DA:569,2
DA:570,2
DA:571,2
DA:576,2
DA:580,2
DA:581,2
DA:583,0
DA:584,0
DA:585,0
DA:587,4
DA:591,1
DA:592,0
DA:593,0
DA:594,0
DA:596,0
DA:597,0
DA:601,1
DA:602,1
DA:603,1
DA:615,1
DA:616,1
DA:618,0
DA:619,0
DA:623,1
DA:624,4
DA:625,4
DA:626,4
DA:627,2
DA:629,2
DA:630,2
DA:631,2
DA:632,0
DA:634,2
DA:636,0
DA:637,0
DA:642,1
DA:643,2
DA:644,2
DA:645,2
DA:646,2
DA:648,0
DA:649,0
DA:654,1
DA:655,2
DA:656,2
DA:657,2
DA:658,2
DA:662,2
DA:663,0
DA:665,2
DA:667,0
DA:668,0
DA:673,1
DA:674,0
DA:675,0
DA:677,0
DA:678,0
DA:679,0
DA:680,0
DA:682,0
DA:684,0
DA:685,0
DA:690,1
DA:691,2
DA:692,2
DA:704,2
DA:705,2
DA:707,0
DA:708,0
DA:713,1
DA:714,2
DA:715,2
DA:716,2
DA:718,2
DA:722,2
DA:725,2
DA:729,2
DA:731,0
DA:732,0
DA:737,1
DA:738,0
DA:739,0
DA:740,0
DA:742,0
DA:746,0
DA:747,0
DA:751,0
DA:755,0
DA:756,0
DA:758,0
DA:760,0
DA:761,0
DA:766,1
DA:767,0
DA:768,0
DA:770,0
DA:771,0
DA:772,0
DA:774,0
DA:777,0
DA:778,0
DA:779,0
DA:783,0
DA:784,0
DA:786,0
DA:787,0
DA:792,1
DA:793,0
DA:794,0
DA:795,0
DA:797,0
DA:798,0
DA:803,1
DA:804,1
DA:805,1
DA:806,1
DA:807,1
DA:808,0
DA:810,1
DA:812,0
DA:813,0
DA:818,1
DA:819,1
DA:820,1
DA:821,0
DA:823,1
DA:824,1
DA:825,1
DA:826,0
DA:828,1
DA:832,1
DA:834,0
DA:835,0
DA:840,1
DA:841,1
DA:842,1
DA:843,1
DA:844,0
DA:846,1
DA:847,1
DA:851,1
DA:852,0
DA:854,1
DA:856,0
DA:857,0
DA:862,1
DA:863,1
DA:864,1
DA:865,1
DA:866,1
DA:867,0
DA:869,1
DA:871,0
DA:872,0
DA:876,1
DA:877,1
DA:878,1
DA:893,1
DA:894,1
DA:895,0
DA:896,0
DA:898,1
DA:900,0
DA:901,0
DA:905,1
DA:906,2
DA:908,2
DA:909,0
DA:911,2
DA:912,2
DA:913,2
DA:920,2
DA:922,0
DA:923,0
DA:928,1
DA:929,0
DA:933,1
LF:435
LH:259
BRDA:92,0,0,0
BRDA:92,0,1,0
BRDA:103,1,0,0
BRDA:103,1,1,2
BRDA:103,2,0,2
BRDA:103,2,1,2
BRDA:103,2,2,2
BRDA:103,2,3,2
BRDA:110,3,0,0
BRDA:110,3,1,2
BRDA:117,4,0,0
BRDA:117,4,1,2
BRDA:185,5,0,0
BRDA:185,5,1,1
BRDA:200,6,0,0
BRDA:200,6,1,1
BRDA:235,7,0,1
BRDA:235,7,1,1
BRDA:252,8,0,0
BRDA:252,8,1,2
BRDA:252,9,0,2
BRDA:252,9,1,2
BRDA:252,9,2,2
BRDA:271,10,0,1
BRDA:271,10,1,1
BRDA:282,11,0,1
BRDA:282,11,1,0
BRDA:302,12,0,0
BRDA:302,12,1,0
BRDA:319,13,0,0
BRDA:319,13,1,0
BRDA:339,14,0,0
BRDA:339,14,1,2
BRDA:357,15,0,0
BRDA:357,15,1,1
BRDA:375,16,0,0
BRDA:375,16,1,1
BRDA:393,17,0,0
BRDA:393,17,1,2
BRDA:417,18,0,0
BRDA:417,18,1,2
BRDA:453,19,0,0
BRDA:453,19,1,2
BRDA:460,20,0,2
BRDA:460,20,1,0
BRDA:467,21,0,0
BRDA:467,21,1,2
BRDA:473,22,0,0
BRDA:473,22,1,2
BRDA:476,23,0,0
BRDA:476,23,1,2
BRDA:494,24,0,0
BRDA:494,24,1,2
BRDA:494,25,0,2
BRDA:494,25,1,2
BRDA:494,25,2,2
BRDA:504,26,0,0
BRDA:504,26,1,0
BRDA:512,27,0,0
BRDA:512,27,1,0
BRDA:532,28,0,0
BRDA:532,28,1,4
BRDA:532,29,0,4
BRDA:532,29,1,4
BRDA:532,29,2,4
BRDA:532,29,3,4
BRDA:532,29,4,4
BRDA:532,29,5,4
BRDA:532,29,6,4
BRDA:541,30,0,0
BRDA:541,30,1,4
BRDA:550,31,0,2
BRDA:550,31,1,2
BRDA:563,32,0,0
BRDA:563,32,1,2
BRDA:626,33,0,2
BRDA:626,33,1,2
BRDA:626,34,0,4
BRDA:626,34,1,4
BRDA:631,35,0,0
BRDA:631,35,1,2
BRDA:662,36,0,0
BRDA:662,36,1,2
BRDA:679,37,0,0
BRDA:679,37,1,0
BRDA:746,38,0,0
BRDA:746,38,1,0
BRDA:755,39,0,0
BRDA:755,39,1,0
BRDA:771,40,0,0
BRDA:771,40,1,0
BRDA:778,41,0,0
BRDA:778,41,1,0
BRDA:807,42,0,0
BRDA:807,42,1,1
BRDA:820,43,0,0
BRDA:820,43,1,1
BRDA:820,44,0,1
BRDA:820,44,1,1
BRDA:820,44,2,1
BRDA:820,44,3,1
BRDA:825,45,0,0
BRDA:825,45,1,1
BRDA:843,46,0,0
BRDA:843,46,1,1
BRDA:843,47,0,1
BRDA:843,47,1,1
BRDA:843,47,2,1
BRDA:851,48,0,0
BRDA:851,48,1,1
BRDA:866,49,0,0
BRDA:866,49,1,1
BRDA:894,50,0,0
BRDA:894,50,1,1
BRDA:908,51,0,0
BRDA:908,51,1,2
BRDA:908,52,0,2
BRDA:908,52,1,2
BRDA:908,52,2,2
BRDA:908,52,3,2
BRF:120
BRH:69
end_of_record
