TN:
SF:Server.js
FNF:0
FNH:0
DA:1,1
DA:2,1
DA:3,1
DA:4,1
DA:6,1
DA:9,1
DA:10,1
DA:11,1
DA:24,1
DA:25,1
DA:26,1
DA:27,1
DA:28,1
DA:29,1
DA:30,1
DA:34,1
LF:16
LH:16
BRF:0
BRH:0
end_of_record
TN:
SF:db\dbConfig.js
FNF:0
FNH:0
DA:1,1
LF:1
LH:1
BRF:0
BRH:0
end_of_record
TN:
SF:db\pool.js
FNF:0
FNH:0
DA:1,1
DA:3,1
DA:13,1
LF:3
LH:3
BRF:0
BRH:0
end_of_record
TN:
SF:routes\authRoutes.js
FN:11,(anonymous_0)
FN:31,(anonymous_1)
FNF:2
FNH:2
FNDA:2,(anonymous_0)
FNDA:2,(anonymous_1)
DA:1,1
DA:2,1
DA:3,1
DA:4,1
DA:11,1
DA:12,2
DA:13,2
DA:14,2
DA:15,2
DA:16,0
DA:18,2
DA:22,2
DA:24,0
DA:25,0
DA:26,0
DA:31,1
DA:32,2
DA:33,2
DA:34,2
DA:35,2
DA:36,0
DA:38,2
DA:39,2
DA:42,2
DA:43,2
DA:46,0
DA:49,2
DA:50,0
DA:52,2
DA:53,2
DA:55,2
DA:56,0
DA:58,2
DA:59,0
DA:62,2
DA:64,2
DA:66,0
DA:67,0
DA:70,1
LF:39
LH:28
BRDA:15,0,0,0
BRDA:15,0,1,2
BRDA:15,1,0,2
BRDA:15,1,1,2
BRDA:15,1,2,2
BRDA:25,2,0,0
BRDA:25,2,1,0
BRDA:35,3,0,0
BRDA:35,3,1,2
BRDA:42,4,0,2
BRDA:42,4,1,0
BRDA:49,5,0,0
BRDA:49,5,1,2
BRDA:55,6,0,0
BRDA:55,6,1,2
BRDA:58,7,0,0
BRDA:58,7,1,2
BRF:17
BRH:9
end_of_record
TN:
SF:routes\bookingRoutes.js
FN:9,(anonymous_0)
FN:72,(anonymous_1)
FN:109,(anonymous_2)
FN:139,(anonymous_3)
FN:162,(anonymous_4)
FN:214,(anonymous_5)
FN:247,(anonymous_6)
FN:265,(anonymous_7)
FN:283,(anonymous_8)
FN:301,(anonymous_9)
FN:326,(anonymous_10)
FN:349,(anonymous_11)
FNF:12
FNH:11
FNDA:4,(anonymous_0)
FNDA:2,(anonymous_1)
FNDA:1,(anonymous_2)
FNDA:2,(anonymous_3)
FNDA:2,(anonymous_4)
FNDA:0,(anonymous_5)
FNDA:2,(anonymous_6)
FNDA:1,(anonymous_7)
FNDA:1,(anonymous_8)
FNDA:1,(anonymous_9)
FNDA:1,(anonymous_10)
FNDA:1,(anonymous_11)
DA:1,1
DA:2,1
DA:3,1
DA:4,1
DA:5,1
DA:9,1
DA:10,4
DA:12,4
DA:13,0
DA:16,4
DA:17,4
DA:18,4
DA:19,4
DA:21,4
DA:22,0
DA:24,4
DA:26,4
DA:30,4
DA:31,2
DA:32,2
DA:34,2
DA:35,2
DA:43,2
DA:44,0
DA:45,0
DA:47,2
DA:48,2
DA:49,2
DA:50,2
DA:51,2
DA:56,2
DA:60,2
DA:61,2
DA:63,0
DA:64,0
DA:65,0
DA:67,4
DA:72,1
DA:73,2
DA:74,2
DA:76,2
DA:77,0
DA:80,2
DA:82,2
DA:83,2
DA:84,0
DA:86,2
DA:89,2
DA:90,2
DA:91,0
DA:93,2
DA:96,2
DA:101,2
DA:103,0
DA:104,0
DA:109,1
DA:110,1
DA:111,1
DA:112,1
DA:114,1
DA:115,0
DA:118,1
DA:131,1
DA:133,0
DA:134,0
DA:139,1
DA:140,2
DA:142,2
DA:143,2
DA:144,2
DA:148,2
DA:150,2
DA:151,1
DA:153,1
DA:156,0
DA:157,0
DA:162,1
DA:163,2
DA:164,2
DA:167,2
DA:168,0
DA:171,2
DA:173,2
DA:174,2
DA:177,2
DA:186,2
DA:187,1
DA:188,1
DA:192,1
DA:197,1
DA:198,1
DA:199,1
DA:201,0
DA:202,0
DA:205,0
DA:206,0
DA:207,0
DA:209,2
DA:214,1
DA:215,0
DA:217,0
DA:218,0
DA:221,0
DA:222,0
DA:234,0
DA:235,0
DA:238,0
DA:240,0
DA:241,0
DA:247,1
DA:248,2
DA:249,2
DA:250,2
DA:254,2
DA:255,0
DA:257,2
DA:259,0
DA:260,0
DA:265,1
DA:266,1
DA:267,1
DA:268,1
DA:272,1
DA:273,0
DA:275,1
DA:277,0
DA:278,0
DA:283,1
DA:284,1
DA:285,1
DA:286,1
DA:290,1
DA:291,0
DA:293,1
DA:295,0
DA:296,0
DA:301,1
DA:302,1
DA:304,1
DA:319,1
DA:321,0
DA:322,0
DA:326,1
DA:327,1
DA:328,1
DA:340,1
DA:341,1
DA:343,0
DA:344,0
DA:349,1
DA:350,1
DA:351,1
DA:366,1
DA:367,1
DA:368,0
DA:369,0
DA:371,1
DA:373,0
DA:374,0
DA:378,1
LF:160
LH:110
BRDA:12,0,0,0
BRDA:12,0,1,4
BRDA:12,1,0,4
BRDA:12,1,1,4
BRDA:12,1,2,4
BRDA:12,1,3,4
BRDA:12,1,4,4
BRDA:12,1,5,4
BRDA:12,1,6,4
BRDA:21,2,0,0
BRDA:21,2,1,4
BRDA:30,3,0,2
BRDA:30,3,1,2
BRDA:43,4,0,0
BRDA:43,4,1,2
BRDA:76,5,0,0
BRDA:76,5,1,2
BRDA:76,6,0,2
BRDA:76,6,1,2
BRDA:76,6,2,2
BRDA:76,6,3,2
BRDA:83,7,0,0
BRDA:83,7,1,2
BRDA:90,8,0,0
BRDA:90,8,1,2
BRDA:114,9,0,0
BRDA:114,9,1,1
BRDA:150,10,0,1
BRDA:150,10,1,1
BRDA:167,11,0,0
BRDA:167,11,1,2
BRDA:167,12,0,2
BRDA:167,12,1,2
BRDA:167,12,2,2
BRDA:186,13,0,1
BRDA:186,13,1,1
BRDA:197,14,0,1
BRDA:197,14,1,0
BRDA:217,15,0,0
BRDA:217,15,1,0
BRDA:234,16,0,0
BRDA:234,16,1,0
BRDA:254,17,0,0
BRDA:254,17,1,2
BRDA:272,18,0,0
BRDA:272,18,1,1
BRDA:290,19,0,0
BRDA:290,19,1,1
BRDA:367,20,0,0
BRDA:367,20,1,1
BRF:50
BRH:33
end_of_record
TN:
SF:routes\feedbackRoutes.js
FN:8,(anonymous_0)
FN:32,(anonymous_1)
FN:50,(anonymous_2)
FN:75,(anonymous_3)
FN:92,(anonymous_4)
FN:111,(anonymous_5)
FNF:6
FNH:5
FNDA:2,(anonymous_0)
FNDA:2,(anonymous_1)
FNDA:0,(anonymous_2)
FNDA:2,(anonymous_3)
FNDA:1,(anonymous_4)
FNDA:2,(anonymous_5)
DA:1,1
DA:2,1
DA:3,1
DA:4,1
DA:8,1
DA:9,2
DA:10,2
DA:11,2
DA:15,2
DA:16,0
DA:18,2
DA:20,2
DA:24,2
DA:26,0
DA:27,0
DA:32,1
DA:33,2
DA:34,2
DA:35,2
DA:39,2
DA:40,0
DA:42,2
DA:44,0
DA:45,0
DA:50,1
DA:51,0
DA:52,0
DA:53,0
DA:63,0
DA:65,0
DA:66,0
DA:75,1
DA:76,2
DA:77,2
DA:78,2
DA:86,2
DA:88,0
DA:89,0
DA:92,1
DA:93,1
DA:95,1
DA:96,1
DA:97,1
DA:103,1
DA:105,0
DA:106,0
DA:111,1
DA:112,2
DA:114,2
DA:115,0
DA:117,2
DA:118,2
DA:119,2
DA:126,2
DA:128,0
DA:129,0
DA:132,1
LF:57
LH:38
BRDA:15,0,0,0
BRDA:15,0,1,2
BRDA:39,1,0,0
BRDA:39,1,1,2
BRDA:114,2,0,0
BRDA:114,2,1,2
BRDA:114,3,0,2
BRDA:114,3,1,2
BRDA:114,3,2,2
BRDA:114,3,3,2
BRF:10
BRH:7
end_of_record
TN:
SF:routes\roomRoutes.js
FN:8,(anonymous_0)
FN:29,(anonymous_1)
FN:40,(anonymous_2)
FN:51,(anonymous_3)
FN:66,(anonymous_4)
FN:88,(anonymous_5)
FN:110,(anonymous_6)
FN:125,(anonymous_7)
FN:144,(anonymous_8)
FNF:9
FNH:7
FNDA:1,(anonymous_0)
FNDA:0,(anonymous_1)
FNDA:0,(anonymous_2)
FNDA:2,(anonymous_3)
FNDA:2,(anonymous_4)
FNDA:2,(anonymous_5)
FNDA:1,(anonymous_6)
FNDA:4,(anonymous_7)
FNDA:1,(anonymous_8)
DA:1,1
DA:2,1
DA:3,1
DA:4,1
DA:8,1
DA:9,1
DA:10,1
DA:21,1
DA:23,0
DA:24,0
DA:29,1
DA:30,0
DA:31,0
DA:32,0
DA:34,0
DA:35,0
DA:40,1
DA:41,0
DA:42,0
DA:43,0
DA:45,0
DA:46,0
DA:51,1
DA:52,2
DA:53,2
DA:54,2
DA:55,2
DA:56,0
DA:58,2
DA:60,0
DA:61,0
DA:66,1
DA:67,2
DA:68,2
DA:69,0
DA:71,2
DA:72,2
DA:73,2
DA:74,0
DA:76,2
DA:80,2
DA:82,0
DA:83,0
DA:88,1
DA:89,2
DA:90,2
DA:91,2
DA:92,0
DA:94,2
DA:95,2
DA:99,2
DA:100,0
DA:102,2
DA:104,0
DA:105,0
DA:110,1
DA:111,1
DA:112,1
DA:113,1
DA:114,1
DA:115,0
DA:117,1
DA:119,0
DA:120,0
DA:125,1
DA:126,4
DA:127,4
DA:128,4
DA:129,2
DA:131,2
DA:132,2
DA:133,2
DA:134,0
DA:136,2
DA:138,0
DA:139,0
DA:144,1
DA:145,1
DA:146,1
DA:147,1
DA:148,1
DA:149,1
DA:151,0
DA:152,0
DA:155,1
LF:85
LH:54
BRDA:55,0,0,0
BRDA:55,0,1,2
BRDA:68,1,0,0
BRDA:68,1,1,2
BRDA:68,2,0,2
BRDA:68,2,1,2
BRDA:68,2,2,2
BRDA:68,2,3,2
BRDA:73,3,0,0
BRDA:73,3,1,2
BRDA:91,4,0,0
BRDA:91,4,1,2
BRDA:91,5,0,2
BRDA:91,5,1,2
BRDA:91,5,2,2
BRDA:99,6,0,0
BRDA:99,6,1,2
BRDA:114,7,0,0
BRDA:114,7,1,1
BRDA:128,8,0,2
BRDA:128,8,1,2
BRDA:128,9,0,4
BRDA:128,9,1,4
BRDA:133,10,0,0
BRDA:133,10,1,2
BRDA:148,11,0,0
BRDA:148,11,1,1
BRF:27
BRH:19
end_of_record
TN:
SF:routes\staffRoutes.js
FN:8,(anonymous_0)
FN:31,(anonymous_1)
FN:55,(anonymous_2)
FN:84,(anonymous_3)
FNF:4
FNH:4
FNDA:2,(anonymous_0)
FNDA:2,(anonymous_1)
FNDA:1,(anonymous_2)
FNDA:1,(anonymous_3)
DA:1,1
DA:2,1
DA:3,1
DA:4,1
DA:8,1
DA:9,2
DA:10,2
DA:22,2
DA:23,2
DA:25,0
DA:26,0
DA:31,1
DA:32,2
DA:33,2
DA:34,2
DA:36,2
DA:40,2
DA:43,2
DA:47,2
DA:49,0
DA:50,0
DA:55,1
DA:56,1
DA:57,1
DA:58,1
DA:60,1
DA:64,1
DA:65,0
DA:69,1
DA:73,1
DA:74,0
DA:76,1
DA:78,0
DA:79,0
DA:84,1
DA:85,1
DA:86,1
DA:88,1
DA:89,1
DA:90,0
DA:92,1
DA:95,1
DA:96,1
DA:97,0
DA:101,1
DA:102,1
DA:104,0
DA:105,0
DA:109,1
LF:49
LH:37
BRDA:64,0,0,0
BRDA:64,0,1,1
BRDA:73,1,0,0
BRDA:73,1,1,1
BRDA:89,2,0,0
BRDA:89,2,1,1
BRDA:96,3,0,0
BRDA:96,3,1,1
BRF:8
BRH:4
end_of_record
TN:
SF:routes\staticRoutes.js
FN:10,(anonymous_0)
FN:21,(anonymous_1)
FN:22,(anonymous_2)
FN:28,(anonymous_3)
FN:36,(anonymous_4)
FNF:5
FNH:1
FNDA:0,(anonymous_0)
FNDA:11,(anonymous_1)
FNDA:0,(anonymous_2)
FNDA:0,(anonymous_3)
FNDA:0,(anonymous_4)
DA:1,1
DA:2,1
DA:4,1
DA:7,1
DA:10,1
DA:11,0
DA:15,1
DA:21,1
DA:22,11
DA:23,0
DA:28,1
DA:29,0
DA:30,0
DA:31,0
DA:32,0
DA:36,1
DA:37,0
DA:40,1
LF:18
LH:11
BRDA:31,0,0,0
BRDA:31,0,1,0
BRF:2
BRH:0
end_of_record
TN:
SF:routes\userRoutes.js
FN:8,(anonymous_0)
FN:20,(anonymous_1)
FN:39,(anonymous_2)
FNF:3
FNH:2
FNDA:2,(anonymous_0)
FNDA:2,(anonymous_1)
FNDA:0,(anonymous_2)
DA:1,1
DA:2,1
DA:3,1
DA:4,1
DA:8,1
DA:9,2
DA:10,2
DA:11,2
DA:12,2
DA:14,0
DA:15,0
DA:20,1
DA:21,2
DA:22,2
DA:23,2
DA:24,2
DA:28,2
DA:29,0
DA:31,2
DA:33,0
DA:34,0
DA:39,1
DA:40,0
DA:41,0
DA:43,0
DA:44,0
DA:45,0
DA:46,0
DA:48,0
DA:50,0
DA:51,0
DA:55,1
LF:32
LH:18
BRDA:28,0,0,0
BRDA:28,0,1,2
BRDA:45,1,0,0
BRDA:45,1,1,0
BRF:4
BRH:1
end_of_record
